<?xml version="1.0" encoding="UTF-8"?>
<testsuite name="bzh.bmv.bcf.BcfApplicationTests" tests="1" skipped="0" failures="1" errors="0" timestamp="2018-09-19T07:15:11" hostname="DESKTOP-4920T6A" time="0.001">
  <properties/>
  <testcase name="contextLoads" classname="bzh.bmv.bcf.BcfApplicationTests" time="0.001">
    <failure message="java.lang.IllegalStateException: Failed to load ApplicationContext" type="java.lang.IllegalStateException">java.lang.IllegalStateException: Failed to load ApplicationContext
	at org.springframework.test.context.cache.DefaultCacheAwareContextLoaderDelegate.loadContext(DefaultCacheAwareContextLoaderDelegate.java:125)
	at org.springframework.test.context.support.DefaultTestContext.getApplicationContext(DefaultTestContext.java:108)
	at org.springframework.test.context.web.ServletTestExecutionListener.setUpRequestContextIfNecessary(ServletTestExecutionListener.java:190)
	at org.springframework.test.context.web.ServletTestExecutionListener.prepareTestInstance(ServletTestExecutionListener.java:132)
	at org.springframework.test.context.TestContextManager.prepareTestInstance(TestContextManager.java:246)
	at org.springframework.test.context.junit4.SpringJUnit4ClassRunner.createTest(SpringJUnit4ClassRunner.java:227)
	at org.springframework.test.context.junit4.SpringJUnit4ClassRunner$1.runReflectiveCall(SpringJUnit4ClassRunner.java:289)
	at org.junit.internal.runners.model.ReflectiveCallable.run(ReflectiveCallable.java:12)
	at org.springframework.test.context.junit4.SpringJUnit4ClassRunner.methodBlock(SpringJUnit4ClassRunner.java:291)
	at org.springframework.test.context.junit4.SpringJUnit4ClassRunner.runChild(SpringJUnit4ClassRunner.java:246)
	at org.springframework.test.context.junit4.SpringJUnit4ClassRunner.runChild(SpringJUnit4ClassRunner.java:97)
	at org.junit.runners.ParentRunner$3.run(ParentRunner.java:290)
	at org.junit.runners.ParentRunner$1.schedule(ParentRunner.java:71)
	at org.junit.runners.ParentRunner.runChildren(ParentRunner.java:288)
	at org.junit.runners.ParentRunner.access$000(ParentRunner.java:58)
	at org.junit.runners.ParentRunner$2.evaluate(ParentRunner.java:268)
	at org.springframework.test.context.junit4.statements.RunBeforeTestClassCallbacks.evaluate(RunBeforeTestClassCallbacks.java:61)
	at org.springframework.test.context.junit4.statements.RunAfterTestClassCallbacks.evaluate(RunAfterTestClassCallbacks.java:70)
	at org.junit.runners.ParentRunner.run(ParentRunner.java:363)
	at org.springframework.test.context.junit4.SpringJUnit4ClassRunner.run(SpringJUnit4ClassRunner.java:190)
	at org.gradle.api.internal.tasks.testing.junit.JUnitTestClassExecutor.runTestClass(JUnitTestClassExecutor.java:106)
	at org.gradle.api.internal.tasks.testing.junit.JUnitTestClassExecutor.execute(JUnitTestClassExecutor.java:58)
	at org.gradle.api.internal.tasks.testing.junit.JUnitTestClassExecutor.execute(JUnitTestClassExecutor.java:38)
	at org.gradle.api.internal.tasks.testing.junit.AbstractJUnitTestClassProcessor.processTestClass(AbstractJUnitTestClassProcessor.java:66)
	at org.gradle.api.internal.tasks.testing.SuiteTestClassProcessor.processTestClass(SuiteTestClassProcessor.java:51)
	at java.base/jdk.internal.reflect.NativeMethodAccessorImpl.invoke0(Native Method)
	at java.base/jdk.internal.reflect.NativeMethodAccessorImpl.invoke(NativeMethodAccessorImpl.java:62)
	at java.base/jdk.internal.reflect.DelegatingMethodAccessorImpl.invoke(DelegatingMethodAccessorImpl.java:43)
	at java.base/java.lang.reflect.Method.invoke(Method.java:564)
	at org.gradle.internal.dispatch.ReflectionDispatch.dispatch(ReflectionDispatch.java:35)
	at org.gradle.internal.dispatch.ReflectionDispatch.dispatch(ReflectionDispatch.java:24)
	at org.gradle.internal.dispatch.ContextClassLoaderDispatch.dispatch(ContextClassLoaderDispatch.java:32)
	at org.gradle.internal.dispatch.ProxyDispatchAdapter$DispatchingInvocationHandler.invoke(ProxyDispatchAdapter.java:93)
	at com.sun.proxy.$Proxy1.processTestClass(Unknown Source)
	at org.gradle.api.internal.tasks.testing.worker.TestWorker.processTestClass(TestWorker.java:109)
	at java.base/jdk.internal.reflect.NativeMethodAccessorImpl.invoke0(Native Method)
	at java.base/jdk.internal.reflect.NativeMethodAccessorImpl.invoke(NativeMethodAccessorImpl.java:62)
	at java.base/jdk.internal.reflect.DelegatingMethodAccessorImpl.invoke(DelegatingMethodAccessorImpl.java:43)
	at java.base/java.lang.reflect.Method.invoke(Method.java:564)
	at org.gradle.internal.dispatch.ReflectionDispatch.dispatch(ReflectionDispatch.java:35)
	at org.gradle.internal.dispatch.ReflectionDispatch.dispatch(ReflectionDispatch.java:24)
	at org.gradle.internal.remote.internal.hub.MessageHubBackedObjectConnection$DispatchWrapper.dispatch(MessageHubBackedObjectConnection.java:155)
	at org.gradle.internal.remote.internal.hub.MessageHubBackedObjectConnection$DispatchWrapper.dispatch(MessageHubBackedObjectConnection.java:137)
	at org.gradle.internal.remote.internal.hub.MessageHub$Handler.run(MessageHub.java:404)
	at org.gradle.internal.concurrent.ExecutorPolicy$CatchAndRecordFailures.onExecute(ExecutorPolicy.java:63)
	at org.gradle.internal.concurrent.ManagedExecutorImpl$1.run(ManagedExecutorImpl.java:46)
	at java.base/java.util.concurrent.ThreadPoolExecutor.runWorker(ThreadPoolExecutor.java:1135)
	at java.base/java.util.concurrent.ThreadPoolExecutor$Worker.run(ThreadPoolExecutor.java:635)
	at org.gradle.internal.concurrent.ThreadFactoryImpl$ManagedThreadRunnable.run(ThreadFactoryImpl.java:55)
	at java.base/java.lang.Thread.run(Thread.java:844)
Caused by: org.springframework.beans.factory.BeanCreationException: Error creating bean with name 'entityManagerFactory' defined in class path resource [org/springframework/boot/autoconfigure/orm/jpa/HibernateJpaConfiguration.class]: Invocation of init method failed; nested exception is java.lang.NoClassDefFoundError: javax/xml/bind/JAXBException
	at org.springframework.beans.factory.support.AbstractAutowireCapableBeanFactory.initializeBean(AbstractAutowireCapableBeanFactory.java:1699)
	at org.springframework.beans.factory.support.AbstractAutowireCapableBeanFactory.doCreateBean(AbstractAutowireCapableBeanFactory.java:573)
	at org.springframework.beans.factory.support.AbstractAutowireCapableBeanFactory.createBean(AbstractAutowireCapableBeanFactory.java:495)
	at org.springframework.beans.factory.support.AbstractBeanFactory.lambda$doGetBean$0(AbstractBeanFactory.java:317)
	at org.springframework.beans.factory.support.DefaultSingletonBeanRegistry.getSingleton(DefaultSingletonBeanRegistry.java:222)
	at org.springframework.beans.factory.support.AbstractBeanFactory.doGetBean(AbstractBeanFactory.java:315)
	at org.springframework.beans.factory.support.AbstractBeanFactory.getBean(AbstractBeanFactory.java:199)
	at org.springframework.context.support.AbstractApplicationContext.getBean(AbstractApplicationContext.java:1089)
	at org.springframework.context.support.AbstractApplicationContext.finishBeanFactoryInitialization(AbstractApplicationContext.java:859)
	at org.springframework.context.support.AbstractApplicationContext.refresh(AbstractApplicationContext.java:550)
	at org.springframework.boot.SpringApplication.refresh(SpringApplication.java:762)
	at org.springframework.boot.SpringApplication.refreshContext(SpringApplication.java:398)
	at org.springframework.boot.SpringApplication.run(SpringApplication.java:330)
	at org.springframework.boot.test.context.SpringBootContextLoader.loadContext(SpringBootContextLoader.java:139)
	at org.springframework.test.context.cache.DefaultCacheAwareContextLoaderDelegate.loadContextInternal(DefaultCacheAwareContextLoaderDelegate.java:99)
	at org.springframework.test.context.cache.DefaultCacheAwareContextLoaderDelegate.loadContext(DefaultCacheAwareContextLoaderDelegate.java:117)
	... 49 more
Caused by: java.lang.NoClassDefFoundError: javax/xml/bind/JAXBException
	at org.hibernate.boot.spi.XmlMappingBinderAccess.&lt;init&gt;(XmlMappingBinderAccess.java:43)
	at org.hibernate.boot.MetadataSources.&lt;init&gt;(MetadataSources.java:87)
	at org.hibernate.jpa.boot.internal.EntityManagerFactoryBuilderImpl.&lt;init&gt;(EntityManagerFactoryBuilderImpl.java:209)
	at org.hibernate.jpa.boot.internal.EntityManagerFactoryBuilderImpl.&lt;init&gt;(EntityManagerFactoryBuilderImpl.java:164)
	at org.springframework.orm.jpa.vendor.SpringHibernateJpaPersistenceProvider.createContainerEntityManagerFactory(SpringHibernateJpaPersistenceProvider.java:51)
	at org.springframework.orm.jpa.LocalContainerEntityManagerFactoryBean.createNativeEntityManagerFactory(LocalContainerEntityManagerFactoryBean.java:365)
	at org.springframework.orm.jpa.AbstractEntityManagerFactoryBean.buildNativeEntityManagerFactory(AbstractEntityManagerFactoryBean.java:390)
	at org.springframework.orm.jpa.AbstractEntityManagerFactoryBean.afterPropertiesSet(AbstractEntityManagerFactoryBean.java:377)
	at org.springframework.orm.jpa.LocalContainerEntityManagerFactoryBean.afterPropertiesSet(LocalContainerEntityManagerFactoryBean.java:341)
	at org.springframework.beans.factory.support.AbstractAutowireCapableBeanFactory.invokeInitMethods(AbstractAutowireCapableBeanFactory.java:1758)
	at org.springframework.beans.factory.support.AbstractAutowireCapableBeanFactory.initializeBean(AbstractAutowireCapableBeanFactory.java:1695)
	... 64 more
Caused by: java.lang.ClassNotFoundException: javax.xml.bind.JAXBException
	at java.base/jdk.internal.loader.BuiltinClassLoader.loadClass(BuiltinClassLoader.java:582)
	at java.base/jdk.internal.loader.ClassLoaders$AppClassLoader.loadClass(ClassLoaders.java:190)
	at java.base/java.lang.ClassLoader.loadClass(ClassLoader.java:499)
	... 75 more
</failure>
  </testcase>
  <system-out><![CDATA[09:15:00.943 [Test worker] DEBUG org.springframework.test.context.junit4.SpringJUnit4ClassRunner - SpringJUnit4ClassRunner constructor called with [class bzh.bmv.bcf.BcfApplicationTests]
09:15:00.943 [Test worker] DEBUG org.springframework.test.context.BootstrapUtils - Instantiating CacheAwareContextLoaderDelegate from class [org.springframework.test.context.cache.DefaultCacheAwareContextLoaderDelegate]
09:15:00.990 [Test worker] DEBUG org.springframework.test.context.BootstrapUtils - Instantiating BootstrapContext using constructor [public org.springframework.test.context.support.DefaultBootstrapContext(java.lang.Class,org.springframework.test.context.CacheAwareContextLoaderDelegate)]
09:15:01.005 [Test worker] DEBUG org.springframework.test.context.BootstrapUtils - Instantiating TestContextBootstrapper for test class [bzh.bmv.bcf.BcfApplicationTests] from class [org.springframework.boot.test.context.SpringBootTestContextBootstrapper]
09:15:01.068 [Test worker] INFO org.springframework.boot.test.context.SpringBootTestContextBootstrapper - Neither @ContextConfiguration nor @ContextHierarchy found for test class [bzh.bmv.bcf.BcfApplicationTests], using SpringBootContextLoader
09:15:01.068 [Test worker] DEBUG org.springframework.test.context.support.AbstractContextLoader - Did not detect default resource location for test class [bzh.bmv.bcf.BcfApplicationTests]: class path resource [bzh/bmv/bcf/BcfApplicationTests-context.xml] does not exist
09:15:01.068 [Test worker] DEBUG org.springframework.test.context.support.AbstractContextLoader - Did not detect default resource location for test class [bzh.bmv.bcf.BcfApplicationTests]: class path resource [bzh/bmv/bcf/BcfApplicationTestsContext.groovy] does not exist
09:15:01.068 [Test worker] INFO org.springframework.test.context.support.AbstractContextLoader - Could not detect default resource locations for test class [bzh.bmv.bcf.BcfApplicationTests]: no resource found for suffixes {-context.xml, Context.groovy}.
09:15:01.068 [Test worker] INFO org.springframework.test.context.support.AnnotationConfigContextLoaderUtils - Could not detect default configuration classes for test class [bzh.bmv.bcf.BcfApplicationTests]: BcfApplicationTests does not declare any static, non-private, non-final, nested classes annotated with @Configuration.
09:15:01.255 [Test worker] DEBUG org.springframework.test.context.support.ActiveProfilesUtils - Could not find an 'annotation declaring class' for annotation type [org.springframework.test.context.ActiveProfiles] and class [bzh.bmv.bcf.BcfApplicationTests]
09:15:01.271 [Test worker] DEBUG org.springframework.core.env.StandardEnvironment - Adding PropertySource 'systemProperties' with lowest search precedence
09:15:01.271 [Test worker] DEBUG org.springframework.core.env.StandardEnvironment - Adding PropertySource 'systemEnvironment' with lowest search precedence
09:15:01.271 [Test worker] DEBUG org.springframework.core.env.StandardEnvironment - Initialized StandardEnvironment with PropertySources [MapPropertySource@1486347903 {name='systemProperties', properties={sun.desktop=windows, awt.toolkit=sun.awt.windows.WToolkit, java.specification.version=10, file.encoding.pkg=sun.io, sun.cpu.isalist=amd64, sun.jnu.encoding=Cp1252, org.gradle.test.worker=1, java.class.path=C:\\Users\\LEDOUJET\\.gradle\\caches\\4.8.1\\workerMain\\gradle-worker.jar;C:\\Users\\LEDOUJET\\Downloads\\POEI\\Projet\\Code\\JEE\\BCF\\build\\classes\\java\\test;C:\\Users\\LEDOUJET\\Downloads\\POEI\\Projet\\Code\\JEE\\BCF\\build\\resources\\test;C:\\Users\\LEDOUJET\\Downloads\\POEI\\Projet\\Code\\JEE\\BCF\\build\\classes\\java\\main;C:\\Users\\LEDOUJET\\Downloads\\POEI\\Projet\\Code\\JEE\\BCF\\build\\resources\\main;C:\\Users\\LEDOUJET\\.gradle\\caches\\modules-2\\files-2.1\\org.springframework.boot\\spring-boot-starter-data-jpa\\2.0.4.RELEASE\\69970d3a7c353d8e727e2c6b2a9e621114f5e089\\spring-boot-starter-data-jpa-2.0.4.RELEASE.jar;C:\\Users\\LEDOUJET\\.gradle\\caches\\modules-2\\files-2.1\\org.springframework.boot\\spring-boot-starter-data-rest\\2.0.4.RELEASE\\80995933154e4ec3225bbb0dc7ff2a400c734869\\spring-boot-starter-data-rest-2.0.4.RELEASE.jar;C:\\Users\\LEDOUJET\\.gradle\\caches\\modules-2\\files-2.1\\org.springframework.boot\\spring-boot-starter-freemarker\\2.0.4.RELEASE\\628b697f81aa67a2e10dec1138655c0a2fc65bd4\\spring-boot-starter-freemarker-2.0.4.RELEASE.jar;C:\\Users\\LEDOUJET\\.gradle\\caches\\modules-2\\files-2.1\\org.springframework.boot\\spring-boot-starter-security\\2.0.4.RELEASE\\2ac314e5985fd9ae0d2acaea450f4f6c3dbd7f92\\spring-boot-starter-security-2.0.4.RELEASE.jar;C:\\Users\\LEDOUJET\\.gradle\\caches\\modules-2\\files-2.1\\org.springframework.session\\spring-session-core\\2.0.5.RELEASE\\f2f9175405ce59139dbe9a74590ff1816fdb8315\\spring-session-core-2.0.5.RELEASE.jar;C:\\Users\\LEDOUJET\\.gradle\\caches\\modules-2\\files-2.1\\commons-codec\\commons-codec\\1.5\\cf993e250ff71804754ec2734a16f23c0be99f70\\commons-codec-1.5.jar;C:\\Users\\LEDOUJET\\.gradle\\caches\\modules-2\\files-2.1\\org.springframework.boot\\spring-boot-starter-web\\2.0.4.RELEASE\\98d49e981ecf804da877d84259b7b0d1ec2fb6f6\\spring-boot-starter-web-2.0.4.RELEASE.jar;C:\\Users\\LEDOUJET\\.gradle\\caches\\modules-2\\files-2.1\\org.springframework.boot\\spring-boot-starter-tomcat\\2.0.4.RELEASE\\dcf28989a34b0801fea0e810c371fb9dab1e7784\\spring-boot-starter-tomcat-2.0.4.RELEASE.jar;C:\\Users\\LEDOUJET\\.gradle\\caches\\modules-2\\files-2.1\\mysql\\mysql-connector-java\\5.1.46\\9a3e63b387e376364211e96827bc27db8d7a92e9\\mysql-connector-java-5.1.46.jar;C:\\Users\\LEDOUJET\\.gradle\\caches\\modules-2\\files-2.1\\org.springframework.boot\\spring-boot-starter-test\\2.0.4.RELEASE\\8f473705d2742b669f0318f10a956f94a93ba3d2\\spring-boot-starter-test-2.0.4.RELEASE.jar;C:\\Users\\LEDOUJET\\.gradle\\caches\\modules-2\\files-2.1\\org.springframework.restdocs\\spring-restdocs-mockmvc\\2.0.2.RELEASE\\dcf11bb929c5cb9aa9194935c6db9f779e1e4e1d\\spring-restdocs-mockmvc-2.0.2.RELEASE.jar;C:\\Users\\LEDOUJET\\.gradle\\caches\\modules-2\\files-2.1\\org.springframework.boot\\spring-boot-starter-aop\\2.0.4.RELEASE\\5e963eb965b72e113a05351c482e3d613f04e59d\\spring-boot-starter-aop-2.0.4.RELEASE.jar;C:\\Users\\LEDOUJET\\.gradle\\caches\\modules-2\\files-2.1\\org.springframework.boot\\spring-boot-starter-jdbc\\2.0.4.RELEASE\\3e9b13a3bee8b8f9b2b9fde4f9e9aac0ccf2b3ba\\spring-boot-starter-jdbc-2.0.4.RELEASE.jar;C:\\Users\\LEDOUJET\\.gradle\\caches\\modules-2\\files-2.1\\org.springframework.boot\\spring-boot-starter-json\\2.0.4.RELEASE\\c7afabf0d7c85db178da4ce0634e3bd2ddb0eb71\\spring-boot-starter-json-2.0.4.RELEASE.jar;C:\\Users\\LEDOUJET\\.gradle\\caches\\modules-2\\files-2.1\\org.springframework.boot\\spring-boot-starter\\2.0.4.RELEASE\\ec46c63a2adeee40058eff1a6baefca13975dc94\\spring-boot-starter-2.0.4.RELEASE.jar;C:\\Users\\LEDOUJET\\.gradle\\caches\\modules-2\\files-2.1\\org.hibernate\\hibernate-core\\5.2.17.Final\\f2dc36470e7a2ffcf6106bb1625ecf5b54bb5f65\\hibernate-core-5.2.17.Final.jar;C:\\Users\\LEDOUJET\\.gradle\\caches\\modules-2\\files-2.1\\javax.transaction\\javax.transaction-api\\1.2\\d81aff979d603edd90dcd8db2abc1f4ce6479e3e\\javax.transaction-api-1.2.jar;C:\\Users\\LEDOUJET\\.gradle\\caches\\modules-2\\files-2.1\\org.springframework.data\\spring-data-jpa\\2.0.9.RELEASE\\30acb36f682367d93ed400b4324fe2559f0fcb\\spring-data-jpa-2.0.9.RELEASE.jar;C:\\Users\\LEDOUJET\\.gradle\\caches\\modules-2\\files-2.1\\org.springframework\\spring-aspects\\5.0.8.RELEASE\\e66926466b8c72658d7e536923041dc93976baf3\\spring-aspects-5.0.8.RELEASE.jar;C:\\Users\\LEDOUJET\\.gradle\\caches\\modules-2\\files-2.1\\org.springframework.data\\spring-data-rest-webmvc\\3.0.9.RELEASE\\be1a40a7adf16c40f5bfaafc325d2badfd5aa33c\\spring-data-rest-webmvc-3.0.9.RELEASE.jar;C:\\Users\\LEDOUJET\\.gradle\\caches\\modules-2\\files-2.1\\org.freemarker\\freemarker\\2.3.28\\7200064467a935052f99d114c2c05c3d189bc6d6\\freemarker-2.3.28.jar;C:\\Users\\LEDOUJET\\.gradle\\caches\\modules-2\\files-2.1\\org.springframework\\spring-context-support\\5.0.8.RELEASE\\5dcf539175f6c965bd878e4928db50e4c6c82014\\spring-context-support-5.0.8.RELEASE.jar;C:\\Users\\LEDOUJET\\.gradle\\caches\\modules-2\\files-2.1\\org.springframework.security\\spring-security-config\\5.0.7.RELEASE\\d702e01048687db4ec6c97fb32d28ffbe348b3e\\spring-security-config-5.0.7.RELEASE.jar;C:\\Users\\LEDOUJET\\.gradle\\caches\\modules-2\\files-2.1\\org.springframework.security\\spring-security-web\\5.0.7.RELEASE\\bab3ed579d4550bb5cc40b0a7fddd0106db7c66\\spring-security-web-5.0.7.RELEASE.jar;C:\\Users\\LEDOUJET\\.gradle\\caches\\modules-2\\files-2.1\\org.springframework.data\\spring-data-rest-core\\3.0.9.RELEASE\\bb4a1bba0f9706f2e02a3205eab525e326968a12\\spring-data-rest-core-3.0.9.RELEASE.jar;C:\\Users\\LEDOUJET\\.gradle\\caches\\modules-2\\files-2.1\\org.springframework.hateoas\\spring-hateoas\\0.25.0.RELEASE\\22d1abd575426709734ab83e7d81d6deb4addbf6\\spring-hateoas-0.25.0.RELEASE.jar;C:\\Users\\LEDOUJET\\.gradle\\caches\\modules-2\\files-2.1\\org.springframework\\spring-webmvc\\5.0.8.RELEASE\\7e5fe57590ca8e4468e50fe1d92b0b67aa4a327a\\spring-webmvc-5.0.8.RELEASE.jar;C:\\Users\\LEDOUJET\\.gradle\\caches\\modules-2\\files-2.1\\org.springframework.boot\\spring-boot-test-autoconfigure\\2.0.4.RELEASE\\8a2e3f31e607fdb08deda2f59263ce177f1c4310\\spring-boot-test-autoconfigure-2.0.4.RELEASE.jar;C:\\Users\\LEDOUJET\\.gradle\\caches\\modules-2\\files-2.1\\org.springframework.boot\\spring-boot-test\\2.0.4.RELEASE\\8a17fc3cf16b6d75f2ba132ade04409a670095de\\spring-boot-test-2.0.4.RELEASE.jar;C:\\Users\\LEDOUJET\\.gradle\\caches\\modules-2\\files-2.1\\org.springframework.boot\\spring-boot-autoconfigure\\2.0.4.RELEASE\\65cd1244d606acc02ab7bfc47a203a3fe2400dda\\spring-boot-autoconfigure-2.0.4.RELEASE.jar;C:\\Users\\LEDOUJET\\.gradle\\caches\\modules-2\\files-2.1\\org.springframework.boot\\spring-boot\\2.0.4.RELEASE\\c8619c5b06d4dcdb4cac1e5e9c839e6e8b1c8574\\spring-boot-2.0.4.RELEASE.jar;C:\\Users\\LEDOUJET\\.gradle\\caches\\modules-2\\files-2.1\\org.springframework.security\\spring-security-core\\5.0.7.RELEASE\\40a0c57af6b4c3f8c611216d2579c6ab19672694\\spring-security-core-5.0.7.RELEASE.jar;C:\\Users\\LEDOUJET\\.gradle\\caches\\modules-2\\files-2.1\\org.springframework.plugin\\spring-plugin-core\\1.2.0.RELEASE\\f380e7760032e7d929184f8ad8a33716b75c0657\\spring-plugin-core-1.2.0.RELEASE.jar;C:\\Users\\LEDOUJET\\.gradle\\caches\\modules-2\\files-2.1\\org.springframework\\spring-context\\5.0.8.RELEASE\\3a067d8990761111c9b6d1d895640be26cc1fb38\\spring-context-5.0.8.RELEASE.jar;C:\\Users\\LEDOUJET\\.gradle\\caches\\modules-2\\files-2.1\\org.springframework\\spring-aop\\5.0.8.RELEASE\\f5086c1a3185c481104511837427b39a07a57aa2\\spring-aop-5.0.8.RELEASE.jar;C:\\Users\\LEDOUJET\\.gradle\\caches\\modules-2\\files-2.1\\org.springframework\\spring-test\\5.0.8.RELEASE\\5782619373bd7e7b7d9106203c317b04bb613ebb\\spring-test-5.0.8.RELEASE.jar;C:\\Users\\LEDOUJET\\.gradle\\caches\\modules-2\\files-2.1\\org.springframework\\spring-orm\\5.0.8.RELEASE\\4da63072d1ed6a2eb4bc0a4c8da5e09f39b5021e\\spring-orm-5.0.8.RELEASE.jar;C:\\Users\\LEDOUJET\\.gradle\\caches\\modules-2\\files-2.1\\org.springframework\\spring-jdbc\\5.0.8.RELEASE\\efcf5f0ccaaa9deec2d9133c9d6bfbb7e55370ff\\spring-jdbc-5.0.8.RELEASE.jar;C:\\Users\\LEDOUJET\\.gradle\\caches\\modules-2\\files-2.1\\org.springframework\\spring-tx\\5.0.8.RELEASE\\b6488db6192f71bd682a13b9d42127307631c616\\spring-tx-5.0.8.RELEASE.jar;C:\\Users\\LEDOUJET\\.gradle\\caches\\modules-2\\files-2.1\\org.springframework.restdocs\\spring-restdocs-core\\2.0.2.RELEASE\\4ef4f92f64fc761e6f6dddfca3e81db58e003b2c\\spring-restdocs-core-2.0.2.RELEASE.jar;C:\\Users\\LEDOUJET\\.gradle\\caches\\modules-2\\files-2.1\\org.springframework\\spring-web\\5.0.8.RELEASE\\fa43cdadb4ab2491fd1d0ddb06c0808e4b60fc85\\spring-web-5.0.8.RELEASE.jar;C:\\Users\\LEDOUJET\\.gradle\\caches\\modules-2\\files-2.1\\org.springframework.data\\spring-data-commons\\2.0.9.RELEASE\\9c8f3ea29c9dd6e4c41876c46e9f5f4987390beb\\spring-data-commons-2.0.9.RELEASE.jar;C:\\Users\\LEDOUJET\\.gradle\\caches\\modules-2\\files-2.1\\org.springframework\\spring-beans\\5.0.8.RELEASE\\5fc965d3e7f5515099244857a8ae9e2a208c169b\\spring-beans-5.0.8.RELEASE.jar;C:\\Users\\LEDOUJET\\.gradle\\caches\\modules-2\\files-2.1\\org.springframework\\spring-expression\\5.0.8.RELEASE\\f23158f22c917df2cddf2ecebc398a9e95f95fae\\spring-expression-5.0.8.RELEASE.jar;C:\\Users\\LEDOUJET\\.gradle\\caches\\modules-2\\files-2.1\\org.springframework\\spring-core\\5.0.8.RELEASE\\dc39c49e3246cdf73d3786ac41119140aed3fa08\\spring-core-5.0.8.RELEASE.jar;C:\\Users\\LEDOUJET\\.gradle\\caches\\modules-2\\files-2.1\\org.springframework\\spring-jcl\\5.0.8.RELEASE\\a1fa8fb560fb252321776e16bc9ac8201af4ef5e\\spring-jcl-5.0.8.RELEASE.jar;C:\\Users\\LEDOUJET\\.gradle\\caches\\modules-2\\files-2.1\\javax.annotation\\javax.annotation-api\\1.3.2\\934c04d3cfef185a8008e7bf34331b79730a9d43\\javax.annotation-api-1.3.2.jar;C:\\Users\\LEDOUJET\\.gradle\\caches\\modules-2\\files-2.1\\org.apache.tomcat.embed\\tomcat-embed-websocket\\8.5.32\\ea5302e378f1449d4e5dda79e8d810c1e7931f91\\tomcat-embed-websocket-8.5.32.jar;C:\\Users\\LEDOUJET\\.gradle\\caches\\modules-2\\files-2.1\\org.apache.tomcat.embed\\tomcat-embed-core\\8.5.32\\6bc6896200146010cc4666bdc6b9b0cbb453ee22\\tomcat-embed-core-8.5.32.jar;C:\\Users\\LEDOUJET\\.gradle\\caches\\modules-2\\files-2.1\\org.apache.tomcat.embed\\tomcat-embed-el\\8.5.32\\e4fd0ee015d83fa1c5ec93ff1d05bdaf9a4480c5\\tomcat-embed-el-8.5.32.jar;C:\\Users\\LEDOUJET\\.gradle\\caches\\modules-2\\files-2.1\\com.jayway.jsonpath\\json-path\\2.4.0\\765a4401ceb2dc8d40553c2075eb80a8fa35c2ae\\json-path-2.4.0.jar;C:\\Users\\LEDOUJET\\.gradle\\caches\\modules-2\\files-2.1\\junit\\junit\\4.12\\2973d150c0dc1fefe998f834810d68f278ea58ec\\junit-4.12.jar;C:\\Users\\LEDOUJET\\.gradle\\caches\\modules-2\\files-2.1\\org.assertj\\assertj-core\\3.9.1\\c5ce126b15f28d56cd8f960c1a6a058b9c9aea87\\assertj-core-3.9.1.jar;C:\\Users\\LEDOUJET\\.gradle\\caches\\modules-2\\files-2.1\\org.mockito\\mockito-core\\2.15.0\\b84bfbbc29cd22c9529409627af6ea2897f4fa85\\mockito-core-2.15.0.jar;C:\\Users\\LEDOUJET\\.gradle\\caches\\modules-2\\files-2.1\\org.hamcrest\\hamcrest-library\\1.3\\4785a3c21320980282f9f33d0d1264a69040538f\\hamcrest-library-1.3.jar;C:\\Users\\LEDOUJET\\.gradle\\caches\\modules-2\\files-2.1\\org.hamcrest\\hamcrest-core\\1.3\\42a25dc3219429f0e5d060061f71acb49bf010a0\\hamcrest-core-1.3.jar;C:\\Users\\LEDOUJET\\.gradle\\caches\\modules-2\\files-2.1\\org.skyscreamer\\jsonassert\\1.5.0\\6c9d5fe2f59da598d9aefc1cfc6528ff3cf32df3\\jsonassert-1.5.0.jar;C:\\Users\\LEDOUJET\\.gradle\\caches\\modules-2\\files-2.1\\org.xmlunit\\xmlunit-core\\2.5.1\\4ffdb346572a7356f7521cd3119ce5287d2e339d\\xmlunit-core-2.5.1.jar;C:\\Users\\LEDOUJET\\.gradle\\caches\\modules-2\\files-2.1\\javax.servlet\\javax.servlet-api\\3.1.0\\3cd63d075497751784b2fa84be59432f4905bf7c\\javax.servlet-api-3.1.0.jar;C:\\Users\\LEDOUJET\\.gradle\\caches\\modules-2\\files-2.1\\org.springframework.boot\\spring-boot-starter-logging\\2.0.4.RELEASE\\dcd1a2c431c970f44adae64d9145133979a513ab\\spring-boot-starter-logging-2.0.4.RELEASE.jar;C:\\Users\\LEDOUJET\\.gradle\\caches\\modules-2\\files-2.1\\org.yaml\\snakeyaml\\1.19\\2d998d3d674b172a588e54ab619854d073f555b5\\snakeyaml-1.19.jar;C:\\Users\\LEDOUJET\\.gradle\\caches\\modules-2\\files-2.1\\org.aspectj\\aspectjweaver\\1.8.13\\ad94df2a28d658a40dc27bbaff6a1ce5fbf04e9b\\aspectjweaver-1.8.13.jar;C:\\Users\\LEDOUJET\\.gradle\\caches\\modules-2\\files-2.1\\com.zaxxer\\HikariCP\\2.7.9\\a83113d2c091d0d0f853dad3217bd7df3beb6ae3\\HikariCP-2.7.9.jar;C:\\Users\\LEDOUJET\\.gradle\\caches\\modules-2\\files-2.1\\org.hibernate.common\\hibernate-commons-annotations\\5.0.1.Final\\71e1cff3fcb20d3b3af4f3363c3ddb24d33c6879\\hibernate-commons-annotations-5.0.1.Final.jar;C:\\Users\\LEDOUJET\\.gradle\\caches\\modules-2\\files-2.1\\org.hibernate.validator\\hibernate-validator\\6.0.11.Final\\36f9d10a11e4768f55e8fb91ebe4338a5c43954e\\hibernate-validator-6.0.11.Final.jar;C:\\Users\\LEDOUJET\\.gradle\\caches\\modules-2\\files-2.1\\org.jboss.logging\\jboss-logging\\3.3.2.Final\\3789d00e859632e6c6206adc0c71625559e6e3b0\\jboss-logging-3.3.2.Final.jar;C:\\Users\\LEDOUJET\\.gradle\\caches\\modules-2\\files-2.1\\org.hibernate.javax.persistence\\hibernate-jpa-2.1-api\\1.0.2.Final\\52afb5762c704a6b586e27742470c08f91877fc1\\hibernate-jpa-2.1-api-1.0.2.Final.jar;C:\\Users\\LEDOUJET\\.gradle\\caches\\modules-2\\files-2.1\\org.javassist\\javassist\\3.22.0-GA\\3e83394258ae2089be7219b971ec21a8288528ad\\javassist-3.22.0-GA.jar;C:\\Users\\LEDOUJET\\.gradle\\caches\\modules-2\\files-2.1\\antlr\\antlr\\2.7.7\\83cd2cd674a217ade95a4bb83a8a14f351f48bd0\\antlr-2.7.7.jar;C:\\Users\\LEDOUJET\\.gradle\\caches\\modules-2\\files-2.1\\org.jboss\\jandex\\2.0.3.Final\\bfc4d6257dbff7a33a357f0de116be6ff951d849\\jandex-2.0.3.Final.jar;C:\\Users\\LEDOUJET\\.gradle\\caches\\modules-2\\files-2.1\\com.fasterxml\\classmate\\1.3.4\\3d5f48f10bbe4eb7bd862f10c0583be2e0053c6\\classmate-1.3.4.jar;C:\\Users\\LEDOUJET\\.gradle\\caches\\modules-2\\files-2.1\\dom4j\\dom4j\\1.6.1\\5d3ccc056b6f056dbf0dddfdf43894b9065a8f94\\dom4j-1.6.1.jar;C:\\Users\\LEDOUJET\\.gradle\\caches\\modules-2\\files-2.1\\ch.qos.logback\\logback-classic\\1.2.3\\7c4f3c474fb2c041d8028740440937705ebb473a\\logback-classic-1.2.3.jar;C:\\Users\\LEDOUJET\\.gradle\\caches\\modules-2\\files-2.1\\org.apache.logging.log4j\\log4j-to-slf4j\\2.10.0\\f7e631ccf49cfc0aefa4a2a728da7d374c05bd3c\\log4j-to-slf4j-2.10.0.jar;C:\\Users\\LEDOUJET\\.gradle\\caches\\modules-2\\files-2.1\\org.slf4j\\jul-to-slf4j\\1.7.25\\af5364cd6679bfffb114f0dec8a157aaa283b76\\jul-to-slf4j-1.7.25.jar;C:\\Users\\LEDOUJET\\.gradle\\caches\\modules-2\\files-2.1\\org.slf4j\\slf4j-api\\1.7.25\\da76ca59f6a57ee3102f8f9bd9cee742973efa8a\\slf4j-api-1.7.25.jar;C:\\Users\\LEDOUJET\\.gradle\\caches\\modules-2\\files-2.1\\com.fasterxml.jackson.datatype\\jackson-datatype-jdk8\\2.9.6\\456895fc91bf7180b216fead220373e6278230c9\\jackson-datatype-jdk8-2.9.6.jar;C:\\Users\\LEDOUJET\\.gradle\\caches\\modules-2\\files-2.1\\com.fasterxml.jackson.datatype\\jackson-datatype-jsr310\\2.9.6\\ea54f6193d224e5e5732bbd4262327eb465397c2\\jackson-datatype-jsr310-2.9.6.jar;C:\\Users\\LEDOUJET\\.gradle\\caches\\modules-2\\files-2.1\\com.fasterxml.jackson.module\\jackson-module-parameter-names\\2.9.6\\129acd77a4b6ee30d62d3a0899b1344c8ec2bff8\\jackson-module-parameter-names-2.9.6.jar;C:\\Users\\LEDOUJET\\.gradle\\caches\\modules-2\\files-2.1\\com.fasterxml.jackson.core\\jackson-databind\\2.9.6\\cfa4f316351a91bfd95cb0644c6a2c95f52db1fc\\jackson-databind-2.9.6.jar;C:\\Users\\LEDOUJET\\.gradle\\caches\\modules-2\\files-2.1\\com.fasterxml.jackson.core\\jackson-annotations\\2.9.0\\7c10d545325e3a6e72e06381afe469fd40eb701\\jackson-annotations-2.9.0.jar;C:\\Users\\LEDOUJET\\.gradle\\caches\\modules-2\\files-2.1\\net.minidev\\json-smart\\2.3\\7396407491352ce4fa30de92efb158adb76b5b\\json-smart-2.3.jar;C:\\Users\\LEDOUJET\\.gradle\\caches\\modules-2\\files-2.1\\net.bytebuddy\\byte-buddy\\1.7.11\\f02857a4e2c66ccbe7aaad6100a0a6c461bce9b3\\byte-buddy-1.7.11.jar;C:\\Users\\LEDOUJET\\.gradle\\caches\\modules-2\\files-2.1\\net.bytebuddy\\byte-buddy-agent\\1.7.11\\b425a8933ca07edd03c6dbc8bc3b595fba9780de\\byte-buddy-agent-1.7.11.jar;C:\\Users\\LEDOUJET\\.gradle\\caches\\modules-2\\files-2.1\\org.objenesis\\objenesis\\2.6\\639033469776fd37c08358c6b92a4761feb2af4b\\objenesis-2.6.jar;C:\\Users\\LEDOUJET\\.gradle\\caches\\modules-2\\files-2.1\\com.vaadin.external.google\\android-json\\0.0.20131108.vaadin1\\fa26d351fe62a6a17f5cda1287c1c6110dec413f\\android-json-0.0.20131108.vaadin1.jar;C:\\Users\\LEDOUJET\\.gradle\\caches\\modules-2\\files-2.1\\com.fasterxml.jackson.core\\jackson-core\\2.9.6\\4e393793c37c77e042ccc7be5a914ae39251b365\\jackson-core-2.9.6.jar;C:\\Users\\LEDOUJET\\.gradle\\caches\\modules-2\\files-2.1\\javax.validation\\validation-api\\2.0.1.Final\\cb855558e6271b1b32e716d24cb85c7f583ce09e\\validation-api-2.0.1.Final.jar;C:\\Users\\LEDOUJET\\.gradle\\caches\\modules-2\\files-2.1\\org.atteo\\evo-inflector\\1.2.2\\2551aad98d65ac5464d81fe05f0e1516cfe471c9\\evo-inflector-1.2.2.jar;C:\\Users\\LEDOUJET\\.gradle\\caches\\modules-2\\files-2.1\\net.minidev\\accessors-smart\\1.2\\c592b500269bfde36096641b01238a8350f8aa31\\accessors-smart-1.2.jar;C:\\Users\\LEDOUJET\\.gradle\\caches\\modules-2\\files-2.1\\ch.qos.logback\\logback-core\\1.2.3\\864344400c3d4d92dfeb0a305dc87d953677c03c\\logback-core-1.2.3.jar;C:\\Users\\LEDOUJET\\.gradle\\caches\\modules-2\\files-2.1\\org.apache.logging.log4j\\log4j-api\\2.10.0\\fec5797a55b786184a537abd39c3fa1449d752d6\\log4j-api-2.10.0.jar;C:\\Users\\LEDOUJET\\.gradle\\caches\\modules-2\\files-2.1\\org.ow2.asm\\asm\\5.0.4\\da08b8cce7bbf903602a25a3a163ae252435795\\asm-5.0.4.jar, java.vm.vendor="Oracle Corporation", sun.arch.data.model=64, user.variant=, java.vendor.url=http://java.oracle.com/, user.timezone=Europe/Paris, property=value, os.name=Windows 10, java.vm.specification.version=10, user.country=FR, sun.java.launcher=SUN_STANDARD, sun.boot.library.path=C:\Program Files\Java\jdk-10.0.2\bin, sun.java.command=worker.org.gradle.process.internal.worker.GradleWorkerMain 'Gradle Test Executor 1', jdk.debug=release, sun.cpu.endian=little, user.home=C:\Users\LEDOUJET, user.language=fr, java.specification.vendor=Oracle Corporation, org.gradle.native=false, java.version.date=2018-07-17, java.home=C:\Program Files\Java\jdk-10.0.2, file.separator=\, java.vm.compressedOopsMode=32-bit, line.separator=
, java.specification.name=Java Platform API Specification, java.vm.specification.vendor=Oracle Corporation, java.awt.graphicsenv=sun.awt.Win32GraphicsEnvironment, user.script=, sun.management.compiler=HotSpot 64-Bit Tiered Compilers, java.runtime.version=10.0.2+13, user.name=LEDOUJET, path.separator=;, os.version=10.0, java.runtime.name=Java(TM) SE Runtime Environment, file.encoding=windows-1252, java.vm.name=Java HotSpot(TM) 64-Bit Server VM, java.vendor.version=18.3, java.vendor.url.bug=http://bugreport.java.com/bugreport/, java.io.tmpdir=C:\Users\LEDOUJET\AppData\Local\Temp\, java.version=10.0.2, user.dir=C:\Users\LEDOUJET\Downloads\POEI\Projet\Code\JEE\BCF, os.arch=amd64, java.vm.specification.name=Java Virtual Machine Specification, java.awt.printerjob=sun.awt.windows.WPrinterJob, sun.os.patch.level=, java.library.path=C:\Program Files\Java\jdk-10.0.2\bin;C:\Windows\Sun\Java\bin;C:\Windows\system32;C:\Windows;C:\Users\LEDOUJET\bin;C:\Program Files\Git\mingw64\bin;C:\Program Files\Git\usr\local\bin;C:\Program Files\Git\usr\bin;C:\Program Files\Git\usr\bin;C:\Program Files\Git\mingw64\bin;C:\Program Files\Git\usr\bin;C:\Users\LEDOUJET\bin;C:\Program Files (x86)\Common Files\Oracle\Java\javapath;C:\Windows\system32;C:\Windows;C:\Windows\System32\Wbem;C:\Windows\System32\WindowsPowerShell\v1.0;C:\Windows\System32\OpenSSH;C:\Program Files\Microsoft VS Code\bin;C:\PostgreSQL\pg10\bin;C:\Program Files\Git\cmd;C:\Program Files\Git\mingw64\bin;C:\Program Files\Git\usr\bin;C:\Program Files\nodejs;C:\Program Files\Gource\cmd;C:\Program Files\PuTTY;C:\Ruby25-x64\bin;C:\Users\LEDOUJET\AppData\Local\Microsoft\WindowsApps;C:\Users\LEDOUJET\AppData\Roaming\npm;C:\Program Files\Git\usr\bin\vendor_perl;C:\Program Files\Git\usr\bin\core_perl;., java.vendor=Oracle Corporation, java.vm.info=mixed mode, java.vm.version=10.0.2+13, sun.io.unicode.encoding=UnicodeLittle, java.class.version=54.0}}, SystemEnvironmentPropertySource@32184995 {name='systemEnvironment', properties={PATH=C:\Users\LEDOUJET\bin;C:\Program Files\Git\mingw64\bin;C:\Program Files\Git\usr\local\bin;C:\Program Files\Git\usr\bin;C:\Program Files\Git\usr\bin;C:\Program Files\Git\mingw64\bin;C:\Program Files\Git\usr\bin;C:\Users\LEDOUJET\bin;C:\Program Files (x86)\Common Files\Oracle\Java\javapath;C:\Windows\system32;C:\Windows;C:\Windows\System32\Wbem;C:\Windows\System32\WindowsPowerShell\v1.0;C:\Windows\System32\OpenSSH;C:\Program Files\Microsoft VS Code\bin;C:\PostgreSQL\pg10\bin;C:\Program Files\Git\cmd;C:\Program Files\Git\mingw64\bin;C:\Program Files\Git\usr\bin;C:\Program Files\nodejs;C:\Program Files\Gource\cmd;C:\Program Files\PuTTY;C:\Ruby25-x64\bin;C:\Users\LEDOUJET\AppData\Local\Microsoft\WindowsApps;C:\Users\LEDOUJET\AppData\Roaming\npm;C:\Program Files\Git\usr\bin\vendor_perl;C:\Program Files\Git\usr\bin\core_perl, USERDOMAIN_ROAMINGPROFILE=DESKTOP-4920T6A, PKG_CONFIG_PATH=C:\Program Files\Git\mingw64\lib\pkgconfig;C:\Program Files\Git\mingw64\share\pkgconfig, MSYSTEM_PREFIX=C:/Program Files/Git/mingw64, PROCESSOR_LEVEL=6, SYSTEMDRIVE=C:, CONFIG_SITE=C:/Program Files/Git/mingw64/etc/config.site, SESSIONNAME=Console, ALLUSERSPROFILE=C:\ProgramData, PROCESSOR_ARCHITECTURE=AMD64, MSYSTEM_CHOST=x86_64-w64-mingw32, PSModulePath=C:\Program Files\WindowsPowerShell\Modules;C:\Windows\system32\WindowsPowerShell\v1.0\Modules, ORIGINAL_TEMP=C:/Users/LEDOUJET/AppData/Local/Temp, PROGRAMFILES=C:\Program Files, MOZ_PLUGIN_PATH=C:\Program Files (x86)\Foxit Software\Foxit Reader\plugins\, USERNAME=LEDOUJET, JDK_HOME=C:\Program Files\Java\jdk-10.0.2, PWD=C:/Users/LEDOUJET/Downloads/POEI/Projet/Code/JEE/BCF, ProgramFiles(x86)=C:\Program Files (x86), INFOPATH=C:\Program Files\Git\usr\local\info;C:\Program Files\Git\usr\share\info;C:\Program Files\Git\usr\info;C:\Program Files\Git\share\info, PATHEXT=.COM;.EXE;.BAT;.CMD;.VBS;.VBE;.JS;.JSE;.WSF;.WSH;.MSC;.RB;.RBW, SHELL=C:\Program Files\Git\usr\bin\bash.exe, DriverData=C:\Windows\System32\Drivers\DriverData, ORIGINAL_TMP=C:/Users/LEDOUJET/AppData/Local/Temp, OLDPWD=C:/Users/LEDOUJET/Downloads/POEI/Projet/Code/JEE/BCF, TMPDIR=C:\Users\LEDOUJET\AppData\Local\Temp, WINDIR=C:\Windows, ProgramData=C:\ProgramData, ProgramW6432=C:\Program Files, SSH_ASKPASS=C:/Program Files/Git/mingw64/libexec/git-core/git-gui--askpass, HOMEPATH=\Users\LEDOUJET, PROCESSOR_IDENTIFIER=Intel64 Family 6 Model 94 Stepping 3, GenuineIntel, PUBLIC=C:\Users\Public, MINGW_CHOST=x86_64-w64-mingw32, =::=::\, EXEPATH=C:\Program Files\Git, SHLVL=1, LOCALAPPDATA=C:\Users\LEDOUJET\AppData\Local, ORIGINAL_PATH=C:\Program Files\Git\mingw64\bin;C:\Program Files\Git\usr\bin;C:\Users\LEDOUJET\bin;C:\Program Files (x86)\Common Files\Oracle\Java\javapath;C:\Windows\system32;C:\Windows;C:\Windows\System32\Wbem;C:\Windows\System32\WindowsPowerShell\v1.0;C:\Windows\System32\OpenSSH;C:\Program Files\Microsoft VS Code\bin;C:\PostgreSQL\pg10\bin;C:\Program Files\Git\cmd;C:\Program Files\Git\mingw64\bin;C:\Program Files\Git\usr\bin;C:\Program Files\nodejs;C:\Program Files\Gource\cmd;C:\Program Files\PuTTY;C:\Ruby25-x64\bin;C:\Users\LEDOUJET\AppData\Local\Microsoft\WindowsApps;C:\Users\LEDOUJET\AppData\Roaming\npm, MANPATH=C:\Program Files\Git\mingw64\local\man;C:\Program Files\Git\mingw64\share\man;C:\Program Files\Git\usr\local\man;C:\Program Files\Git\usr\share\man;C:\Program Files\Git\usr\man;C:\Program Files\Git\share\man, MINGW_PACKAGE_PREFIX=mingw-w64-x86_64, USERDOMAIN=DESKTOP-4920T6A, LOGONSERVER=\\DESKTOP-4920T6A, JAVA_HOME=C:\Program Files\Java\jdk-10.0.2, PLINK_PROTOCOL=ssh, TERM=xterm, LANG=fr_FR.UTF-8, MINGW_PREFIX=C:/Program Files/Git/mingw64, DISPLAY=needs-to-be-defined, MSYSTEM=MINGW64, OneDrive=C:\Users\LEDOUJET\OneDrive - IMIE, APPDATA=C:\Users\LEDOUJET\AppData\Roaming, SYSTEMROOT=C:\Windows, VBOX_MSI_INSTALL_PATH=C:\Program Files\Oracle\VirtualBox\, OS=Windows_NT, COMPUTERNAME=DESKTOP-4920T6A, COMMONPROGRAMFILES=C:\Program Files\Common Files, COMSPEC=C:\Windows\system32\cmd.exe, PROCESSOR_REVISION=5e03, CommonProgramW6432=C:\Program Files\Common Files, ACLOCAL_PATH=C:\Program Files\Git\mingw64\share\aclocal;C:\Program Files\Git\usr\share\aclocal, RUBYOPT=-Eutf-8, MSYSTEM_CARCH=x86_64, TEMP=C:\Users\LEDOUJET\AppData\Local\Temp, HOSTNAME=DESKTOP-4920T6A, HOMEDRIVE=C:, USERPROFILE=C:\Users\LEDOUJET, TMP=C:\Users\LEDOUJET\AppData\Local\Temp, CommonProgramFiles(x86)=C:\Program Files (x86)\Common Files, NUMBER_OF_PROCESSORS=4, HOME=C:\Users\LEDOUJET}}]
09:15:01.286 [Test worker] DEBUG org.springframework.core.io.support.PathMatchingResourcePatternResolver - Resolved classpath location [bzh/bmv/bcf/] to resources [URL [file:/C:/Users/LEDOUJET/Downloads/POEI/Projet/Code/JEE/BCF/build/classes/java/test/bzh/bmv/bcf/], URL [file:/C:/Users/LEDOUJET/Downloads/POEI/Projet/Code/JEE/BCF/build/classes/java/main/bzh/bmv/bcf/]]
09:15:01.302 [Test worker] DEBUG org.springframework.core.io.support.PathMatchingResourcePatternResolver - Looking for matching resources in directory tree [C:\Users\LEDOUJET\Downloads\POEI\Projet\Code\JEE\BCF\build\classes\java\test\bzh\bmv\bcf]
09:15:01.302 [Test worker] DEBUG org.springframework.core.io.support.PathMatchingResourcePatternResolver - Searching directory [C:\Users\LEDOUJET\Downloads\POEI\Projet\Code\JEE\BCF\build\classes\java\test\bzh\bmv\bcf] for files matching pattern [C:/Users/LEDOUJET/Downloads/POEI/Projet/Code/JEE/BCF/build/classes/java/test/bzh/bmv/bcf/*.class]
09:15:01.318 [Test worker] DEBUG org.springframework.core.io.support.PathMatchingResourcePatternResolver - Looking for matching resources in directory tree [C:\Users\LEDOUJET\Downloads\POEI\Projet\Code\JEE\BCF\build\classes\java\main\bzh\bmv\bcf]
09:15:01.318 [Test worker] DEBUG org.springframework.core.io.support.PathMatchingResourcePatternResolver - Searching directory [C:\Users\LEDOUJET\Downloads\POEI\Projet\Code\JEE\BCF\build\classes\java\main\bzh\bmv\bcf] for files matching pattern [C:/Users/LEDOUJET/Downloads/POEI/Projet/Code/JEE/BCF/build/classes/java/main/bzh/bmv/bcf/*.class]
09:15:01.318 [Test worker] DEBUG org.springframework.core.io.support.PathMatchingResourcePatternResolver - Resolved location pattern [classpath*:bzh/bmv/bcf/*.class] to resources [file [C:\Users\LEDOUJET\Downloads\POEI\Projet\Code\JEE\BCF\build\classes\java\test\bzh\bmv\bcf\BcfApplicationTests.class], file [C:\Users\LEDOUJET\Downloads\POEI\Projet\Code\JEE\BCF\build\classes\java\main\bzh\bmv\bcf\BcfApplication.class], file [C:\Users\LEDOUJET\Downloads\POEI\Projet\Code\JEE\BCF\build\classes\java\main\bzh\bmv\bcf\ServletInitializer.class]]
09:15:01.364 [Test worker] DEBUG org.springframework.context.annotation.ClassPathScanningCandidateComponentProvider - Identified candidate component class: file [C:\Users\LEDOUJET\Downloads\POEI\Projet\Code\JEE\BCF\build\classes\java\main\bzh\bmv\bcf\BcfApplication.class]
09:15:01.364 [Test worker] INFO org.springframework.boot.test.context.SpringBootTestContextBootstrapper - Found @SpringBootConfiguration bzh.bmv.bcf.BcfApplication for test class bzh.bmv.bcf.BcfApplicationTests
09:15:01.614 [Test worker] DEBUG org.springframework.boot.test.context.SpringBootTestContextBootstrapper - @TestExecutionListeners is not present for class [bzh.bmv.bcf.BcfApplicationTests]: using defaults.
09:15:01.614 [Test worker] INFO org.springframework.boot.test.context.SpringBootTestContextBootstrapper - Loaded default TestExecutionListener class names from location [META-INF/spring.factories]: [org.springframework.boot.test.autoconfigure.restdocs.RestDocsTestExecutionListener, org.springframework.boot.test.autoconfigure.web.client.MockRestServiceServerResetTestExecutionListener, org.springframework.boot.test.autoconfigure.web.servlet.MockMvcPrintOnlyOnFailureTestExecutionListener, org.springframework.boot.test.autoconfigure.web.servlet.WebDriverTestExecutionListener, org.springframework.boot.test.mock.mockito.MockitoTestExecutionListener, org.springframework.boot.test.mock.mockito.ResetMocksTestExecutionListener, org.springframework.test.context.web.ServletTestExecutionListener, org.springframework.test.context.support.DirtiesContextBeforeModesTestExecutionListener, org.springframework.test.context.support.DependencyInjectionTestExecutionListener, org.springframework.test.context.support.DirtiesContextTestExecutionListener, org.springframework.test.context.transaction.TransactionalTestExecutionListener, org.springframework.test.context.jdbc.SqlScriptsTestExecutionListener]
09:15:01.677 [Test worker] INFO org.springframework.boot.test.context.SpringBootTestContextBootstrapper - Using TestExecutionListeners: [org.springframework.test.context.web.ServletTestExecutionListener@6b03a35a, org.springframework.test.context.support.DirtiesContextBeforeModesTestExecutionListener@64f6cd77, org.springframework.boot.test.mock.mockito.MockitoTestExecutionListener@1de8644c, org.springframework.boot.test.autoconfigure.SpringBootDependencyInjectionTestExecutionListener@1df2a17e, org.springframework.test.context.support.DirtiesContextTestExecutionListener@6b1dd8e9, org.springframework.test.context.transaction.TransactionalTestExecutionListener@39523d88, org.springframework.test.context.jdbc.SqlScriptsTestExecutionListener@6746e4ea, org.springframework.boot.test.autoconfigure.restdocs.RestDocsTestExecutionListener@6fb7402d, org.springframework.boot.test.autoconfigure.web.client.MockRestServiceServerResetTestExecutionListener@6ae807a2, org.springframework.boot.test.autoconfigure.web.servlet.MockMvcPrintOnlyOnFailureTestExecutionListener@427ed90a, org.springframework.boot.test.autoconfigure.web.servlet.WebDriverTestExecutionListener@124f141b, org.springframework.boot.test.mock.mockito.ResetMocksTestExecutionListener@472c9857]
09:15:01.724 [Test worker] DEBUG org.springframework.test.annotation.ProfileValueUtils - Retrieved @ProfileValueSourceConfiguration [null] for test class [bzh.bmv.bcf.BcfApplicationTests]
09:15:01.724 [Test worker] DEBUG org.springframework.test.annotation.ProfileValueUtils - Retrieved ProfileValueSource type [class org.springframework.test.annotation.SystemProfileValueSource] for class [bzh.bmv.bcf.BcfApplicationTests]
09:15:01.724 [Test worker] DEBUG org.springframework.test.annotation.ProfileValueUtils - Retrieved @ProfileValueSourceConfiguration [null] for test class [bzh.bmv.bcf.BcfApplicationTests]
09:15:01.724 [Test worker] DEBUG org.springframework.test.annotation.ProfileValueUtils - Retrieved ProfileValueSource type [class org.springframework.test.annotation.SystemProfileValueSource] for class [bzh.bmv.bcf.BcfApplicationTests]
09:15:01.755 [Test worker] DEBUG org.springframework.test.context.support.AbstractDirtiesContextTestExecutionListener - Before test class: context [DefaultTestContext@38572fcf testClass = BcfApplicationTests, testInstance = [null], testMethod = [null], testException = [null], mergedContextConfiguration = [WebMergedContextConfiguration@c58b64 testClass = BcfApplicationTests, locations = '{}', classes = '{class bzh.bmv.bcf.BcfApplication}', contextInitializerClasses = '[]', activeProfiles = '{}', propertySourceLocations = '{}', propertySourceProperties = '{org.springframework.boot.test.context.SpringBootTestContextBootstrapper=true}', contextCustomizers = set[org.springframework.boot.test.autoconfigure.properties.PropertyMappingContextCustomizer@0, org.springframework.boot.test.autoconfigure.web.servlet.WebDriverContextCustomizerFactory$Customizer@274decf7, org.springframework.boot.test.context.filter.ExcludeFilterContextCustomizer@454ff739, org.springframework.boot.test.json.DuplicateJsonObjectContextCustomizerFactory$DuplicateJsonObjectContextCustomizer@1edbcbf8, org.springframework.boot.test.mock.mockito.MockitoContextCustomizer@0, org.springframework.boot.test.web.client.TestRestTemplateContextCustomizer@6c868136], resourceBasePath = 'src/main/webapp', contextLoader = 'org.springframework.boot.test.context.SpringBootContextLoader', parent = [null]], attributes = map['org.springframework.test.context.web.ServletTestExecutionListener.activateListener' -> true]], class annotated with @DirtiesContext [false] with mode [null].
09:15:01.755 [Test worker] DEBUG org.springframework.test.annotation.ProfileValueUtils - Retrieved @ProfileValueSourceConfiguration [null] for test class [bzh.bmv.bcf.BcfApplicationTests]
09:15:01.755 [Test worker] DEBUG org.springframework.test.annotation.ProfileValueUtils - Retrieved ProfileValueSource type [class org.springframework.test.annotation.SystemProfileValueSource] for class [bzh.bmv.bcf.BcfApplicationTests]
09:15:01.771 [Test worker] DEBUG org.springframework.core.env.StandardEnvironment - Adding PropertySource 'systemProperties' with lowest search precedence
09:15:01.771 [Test worker] DEBUG org.springframework.core.env.StandardEnvironment - Adding PropertySource 'systemEnvironment' with lowest search precedence
09:15:01.771 [Test worker] DEBUG org.springframework.core.env.StandardEnvironment - Initialized StandardEnvironment with PropertySources [MapPropertySource@526025195 {name='systemProperties', properties={sun.desktop=windows, awt.toolkit=sun.awt.windows.WToolkit, java.specification.version=10, file.encoding.pkg=sun.io, sun.cpu.isalist=amd64, sun.jnu.encoding=Cp1252, org.gradle.test.worker=1, java.class.path=C:\\Users\\LEDOUJET\\.gradle\\caches\\4.8.1\\workerMain\\gradle-worker.jar;C:\\Users\\LEDOUJET\\Downloads\\POEI\\Projet\\Code\\JEE\\BCF\\build\\classes\\java\\test;C:\\Users\\LEDOUJET\\Downloads\\POEI\\Projet\\Code\\JEE\\BCF\\build\\resources\\test;C:\\Users\\LEDOUJET\\Downloads\\POEI\\Projet\\Code\\JEE\\BCF\\build\\classes\\java\\main;C:\\Users\\LEDOUJET\\Downloads\\POEI\\Projet\\Code\\JEE\\BCF\\build\\resources\\main;C:\\Users\\LEDOUJET\\.gradle\\caches\\modules-2\\files-2.1\\org.springframework.boot\\spring-boot-starter-data-jpa\\2.0.4.RELEASE\\69970d3a7c353d8e727e2c6b2a9e621114f5e089\\spring-boot-starter-data-jpa-2.0.4.RELEASE.jar;C:\\Users\\LEDOUJET\\.gradle\\caches\\modules-2\\files-2.1\\org.springframework.boot\\spring-boot-starter-data-rest\\2.0.4.RELEASE\\80995933154e4ec3225bbb0dc7ff2a400c734869\\spring-boot-starter-data-rest-2.0.4.RELEASE.jar;C:\\Users\\LEDOUJET\\.gradle\\caches\\modules-2\\files-2.1\\org.springframework.boot\\spring-boot-starter-freemarker\\2.0.4.RELEASE\\628b697f81aa67a2e10dec1138655c0a2fc65bd4\\spring-boot-starter-freemarker-2.0.4.RELEASE.jar;C:\\Users\\LEDOUJET\\.gradle\\caches\\modules-2\\files-2.1\\org.springframework.boot\\spring-boot-starter-security\\2.0.4.RELEASE\\2ac314e5985fd9ae0d2acaea450f4f6c3dbd7f92\\spring-boot-starter-security-2.0.4.RELEASE.jar;C:\\Users\\LEDOUJET\\.gradle\\caches\\modules-2\\files-2.1\\org.springframework.session\\spring-session-core\\2.0.5.RELEASE\\f2f9175405ce59139dbe9a74590ff1816fdb8315\\spring-session-core-2.0.5.RELEASE.jar;C:\\Users\\LEDOUJET\\.gradle\\caches\\modules-2\\files-2.1\\commons-codec\\commons-codec\\1.5\\cf993e250ff71804754ec2734a16f23c0be99f70\\commons-codec-1.5.jar;C:\\Users\\LEDOUJET\\.gradle\\caches\\modules-2\\files-2.1\\org.springframework.boot\\spring-boot-starter-web\\2.0.4.RELEASE\\98d49e981ecf804da877d84259b7b0d1ec2fb6f6\\spring-boot-starter-web-2.0.4.RELEASE.jar;C:\\Users\\LEDOUJET\\.gradle\\caches\\modules-2\\files-2.1\\org.springframework.boot\\spring-boot-starter-tomcat\\2.0.4.RELEASE\\dcf28989a34b0801fea0e810c371fb9dab1e7784\\spring-boot-starter-tomcat-2.0.4.RELEASE.jar;C:\\Users\\LEDOUJET\\.gradle\\caches\\modules-2\\files-2.1\\mysql\\mysql-connector-java\\5.1.46\\9a3e63b387e376364211e96827bc27db8d7a92e9\\mysql-connector-java-5.1.46.jar;C:\\Users\\LEDOUJET\\.gradle\\caches\\modules-2\\files-2.1\\org.springframework.boot\\spring-boot-starter-test\\2.0.4.RELEASE\\8f473705d2742b669f0318f10a956f94a93ba3d2\\spring-boot-starter-test-2.0.4.RELEASE.jar;C:\\Users\\LEDOUJET\\.gradle\\caches\\modules-2\\files-2.1\\org.springframework.restdocs\\spring-restdocs-mockmvc\\2.0.2.RELEASE\\dcf11bb929c5cb9aa9194935c6db9f779e1e4e1d\\spring-restdocs-mockmvc-2.0.2.RELEASE.jar;C:\\Users\\LEDOUJET\\.gradle\\caches\\modules-2\\files-2.1\\org.springframework.boot\\spring-boot-starter-aop\\2.0.4.RELEASE\\5e963eb965b72e113a05351c482e3d613f04e59d\\spring-boot-starter-aop-2.0.4.RELEASE.jar;C:\\Users\\LEDOUJET\\.gradle\\caches\\modules-2\\files-2.1\\org.springframework.boot\\spring-boot-starter-jdbc\\2.0.4.RELEASE\\3e9b13a3bee8b8f9b2b9fde4f9e9aac0ccf2b3ba\\spring-boot-starter-jdbc-2.0.4.RELEASE.jar;C:\\Users\\LEDOUJET\\.gradle\\caches\\modules-2\\files-2.1\\org.springframework.boot\\spring-boot-starter-json\\2.0.4.RELEASE\\c7afabf0d7c85db178da4ce0634e3bd2ddb0eb71\\spring-boot-starter-json-2.0.4.RELEASE.jar;C:\\Users\\LEDOUJET\\.gradle\\caches\\modules-2\\files-2.1\\org.springframework.boot\\spring-boot-starter\\2.0.4.RELEASE\\ec46c63a2adeee40058eff1a6baefca13975dc94\\spring-boot-starter-2.0.4.RELEASE.jar;C:\\Users\\LEDOUJET\\.gradle\\caches\\modules-2\\files-2.1\\org.hibernate\\hibernate-core\\5.2.17.Final\\f2dc36470e7a2ffcf6106bb1625ecf5b54bb5f65\\hibernate-core-5.2.17.Final.jar;C:\\Users\\LEDOUJET\\.gradle\\caches\\modules-2\\files-2.1\\javax.transaction\\javax.transaction-api\\1.2\\d81aff979d603edd90dcd8db2abc1f4ce6479e3e\\javax.transaction-api-1.2.jar;C:\\Users\\LEDOUJET\\.gradle\\caches\\modules-2\\files-2.1\\org.springframework.data\\spring-data-jpa\\2.0.9.RELEASE\\30acb36f682367d93ed400b4324fe2559f0fcb\\spring-data-jpa-2.0.9.RELEASE.jar;C:\\Users\\LEDOUJET\\.gradle\\caches\\modules-2\\files-2.1\\org.springframework\\spring-aspects\\5.0.8.RELEASE\\e66926466b8c72658d7e536923041dc93976baf3\\spring-aspects-5.0.8.RELEASE.jar;C:\\Users\\LEDOUJET\\.gradle\\caches\\modules-2\\files-2.1\\org.springframework.data\\spring-data-rest-webmvc\\3.0.9.RELEASE\\be1a40a7adf16c40f5bfaafc325d2badfd5aa33c\\spring-data-rest-webmvc-3.0.9.RELEASE.jar;C:\\Users\\LEDOUJET\\.gradle\\caches\\modules-2\\files-2.1\\org.freemarker\\freemarker\\2.3.28\\7200064467a935052f99d114c2c05c3d189bc6d6\\freemarker-2.3.28.jar;C:\\Users\\LEDOUJET\\.gradle\\caches\\modules-2\\files-2.1\\org.springframework\\spring-context-support\\5.0.8.RELEASE\\5dcf539175f6c965bd878e4928db50e4c6c82014\\spring-context-support-5.0.8.RELEASE.jar;C:\\Users\\LEDOUJET\\.gradle\\caches\\modules-2\\files-2.1\\org.springframework.security\\spring-security-config\\5.0.7.RELEASE\\d702e01048687db4ec6c97fb32d28ffbe348b3e\\spring-security-config-5.0.7.RELEASE.jar;C:\\Users\\LEDOUJET\\.gradle\\caches\\modules-2\\files-2.1\\org.springframework.security\\spring-security-web\\5.0.7.RELEASE\\bab3ed579d4550bb5cc40b0a7fddd0106db7c66\\spring-security-web-5.0.7.RELEASE.jar;C:\\Users\\LEDOUJET\\.gradle\\caches\\modules-2\\files-2.1\\org.springframework.data\\spring-data-rest-core\\3.0.9.RELEASE\\bb4a1bba0f9706f2e02a3205eab525e326968a12\\spring-data-rest-core-3.0.9.RELEASE.jar;C:\\Users\\LEDOUJET\\.gradle\\caches\\modules-2\\files-2.1\\org.springframework.hateoas\\spring-hateoas\\0.25.0.RELEASE\\22d1abd575426709734ab83e7d81d6deb4addbf6\\spring-hateoas-0.25.0.RELEASE.jar;C:\\Users\\LEDOUJET\\.gradle\\caches\\modules-2\\files-2.1\\org.springframework\\spring-webmvc\\5.0.8.RELEASE\\7e5fe57590ca8e4468e50fe1d92b0b67aa4a327a\\spring-webmvc-5.0.8.RELEASE.jar;C:\\Users\\LEDOUJET\\.gradle\\caches\\modules-2\\files-2.1\\org.springframework.boot\\spring-boot-test-autoconfigure\\2.0.4.RELEASE\\8a2e3f31e607fdb08deda2f59263ce177f1c4310\\spring-boot-test-autoconfigure-2.0.4.RELEASE.jar;C:\\Users\\LEDOUJET\\.gradle\\caches\\modules-2\\files-2.1\\org.springframework.boot\\spring-boot-test\\2.0.4.RELEASE\\8a17fc3cf16b6d75f2ba132ade04409a670095de\\spring-boot-test-2.0.4.RELEASE.jar;C:\\Users\\LEDOUJET\\.gradle\\caches\\modules-2\\files-2.1\\org.springframework.boot\\spring-boot-autoconfigure\\2.0.4.RELEASE\\65cd1244d606acc02ab7bfc47a203a3fe2400dda\\spring-boot-autoconfigure-2.0.4.RELEASE.jar;C:\\Users\\LEDOUJET\\.gradle\\caches\\modules-2\\files-2.1\\org.springframework.boot\\spring-boot\\2.0.4.RELEASE\\c8619c5b06d4dcdb4cac1e5e9c839e6e8b1c8574\\spring-boot-2.0.4.RELEASE.jar;C:\\Users\\LEDOUJET\\.gradle\\caches\\modules-2\\files-2.1\\org.springframework.security\\spring-security-core\\5.0.7.RELEASE\\40a0c57af6b4c3f8c611216d2579c6ab19672694\\spring-security-core-5.0.7.RELEASE.jar;C:\\Users\\LEDOUJET\\.gradle\\caches\\modules-2\\files-2.1\\org.springframework.plugin\\spring-plugin-core\\1.2.0.RELEASE\\f380e7760032e7d929184f8ad8a33716b75c0657\\spring-plugin-core-1.2.0.RELEASE.jar;C:\\Users\\LEDOUJET\\.gradle\\caches\\modules-2\\files-2.1\\org.springframework\\spring-context\\5.0.8.RELEASE\\3a067d8990761111c9b6d1d895640be26cc1fb38\\spring-context-5.0.8.RELEASE.jar;C:\\Users\\LEDOUJET\\.gradle\\caches\\modules-2\\files-2.1\\org.springframework\\spring-aop\\5.0.8.RELEASE\\f5086c1a3185c481104511837427b39a07a57aa2\\spring-aop-5.0.8.RELEASE.jar;C:\\Users\\LEDOUJET\\.gradle\\caches\\modules-2\\files-2.1\\org.springframework\\spring-test\\5.0.8.RELEASE\\5782619373bd7e7b7d9106203c317b04bb613ebb\\spring-test-5.0.8.RELEASE.jar;C:\\Users\\LEDOUJET\\.gradle\\caches\\modules-2\\files-2.1\\org.springframework\\spring-orm\\5.0.8.RELEASE\\4da63072d1ed6a2eb4bc0a4c8da5e09f39b5021e\\spring-orm-5.0.8.RELEASE.jar;C:\\Users\\LEDOUJET\\.gradle\\caches\\modules-2\\files-2.1\\org.springframework\\spring-jdbc\\5.0.8.RELEASE\\efcf5f0ccaaa9deec2d9133c9d6bfbb7e55370ff\\spring-jdbc-5.0.8.RELEASE.jar;C:\\Users\\LEDOUJET\\.gradle\\caches\\modules-2\\files-2.1\\org.springframework\\spring-tx\\5.0.8.RELEASE\\b6488db6192f71bd682a13b9d42127307631c616\\spring-tx-5.0.8.RELEASE.jar;C:\\Users\\LEDOUJET\\.gradle\\caches\\modules-2\\files-2.1\\org.springframework.restdocs\\spring-restdocs-core\\2.0.2.RELEASE\\4ef4f92f64fc761e6f6dddfca3e81db58e003b2c\\spring-restdocs-core-2.0.2.RELEASE.jar;C:\\Users\\LEDOUJET\\.gradle\\caches\\modules-2\\files-2.1\\org.springframework\\spring-web\\5.0.8.RELEASE\\fa43cdadb4ab2491fd1d0ddb06c0808e4b60fc85\\spring-web-5.0.8.RELEASE.jar;C:\\Users\\LEDOUJET\\.gradle\\caches\\modules-2\\files-2.1\\org.springframework.data\\spring-data-commons\\2.0.9.RELEASE\\9c8f3ea29c9dd6e4c41876c46e9f5f4987390beb\\spring-data-commons-2.0.9.RELEASE.jar;C:\\Users\\LEDOUJET\\.gradle\\caches\\modules-2\\files-2.1\\org.springframework\\spring-beans\\5.0.8.RELEASE\\5fc965d3e7f5515099244857a8ae9e2a208c169b\\spring-beans-5.0.8.RELEASE.jar;C:\\Users\\LEDOUJET\\.gradle\\caches\\modules-2\\files-2.1\\org.springframework\\spring-expression\\5.0.8.RELEASE\\f23158f22c917df2cddf2ecebc398a9e95f95fae\\spring-expression-5.0.8.RELEASE.jar;C:\\Users\\LEDOUJET\\.gradle\\caches\\modules-2\\files-2.1\\org.springframework\\spring-core\\5.0.8.RELEASE\\dc39c49e3246cdf73d3786ac41119140aed3fa08\\spring-core-5.0.8.RELEASE.jar;C:\\Users\\LEDOUJET\\.gradle\\caches\\modules-2\\files-2.1\\org.springframework\\spring-jcl\\5.0.8.RELEASE\\a1fa8fb560fb252321776e16bc9ac8201af4ef5e\\spring-jcl-5.0.8.RELEASE.jar;C:\\Users\\LEDOUJET\\.gradle\\caches\\modules-2\\files-2.1\\javax.annotation\\javax.annotation-api\\1.3.2\\934c04d3cfef185a8008e7bf34331b79730a9d43\\javax.annotation-api-1.3.2.jar;C:\\Users\\LEDOUJET\\.gradle\\caches\\modules-2\\files-2.1\\org.apache.tomcat.embed\\tomcat-embed-websocket\\8.5.32\\ea5302e378f1449d4e5dda79e8d810c1e7931f91\\tomcat-embed-websocket-8.5.32.jar;C:\\Users\\LEDOUJET\\.gradle\\caches\\modules-2\\files-2.1\\org.apache.tomcat.embed\\tomcat-embed-core\\8.5.32\\6bc6896200146010cc4666bdc6b9b0cbb453ee22\\tomcat-embed-core-8.5.32.jar;C:\\Users\\LEDOUJET\\.gradle\\caches\\modules-2\\files-2.1\\org.apache.tomcat.embed\\tomcat-embed-el\\8.5.32\\e4fd0ee015d83fa1c5ec93ff1d05bdaf9a4480c5\\tomcat-embed-el-8.5.32.jar;C:\\Users\\LEDOUJET\\.gradle\\caches\\modules-2\\files-2.1\\com.jayway.jsonpath\\json-path\\2.4.0\\765a4401ceb2dc8d40553c2075eb80a8fa35c2ae\\json-path-2.4.0.jar;C:\\Users\\LEDOUJET\\.gradle\\caches\\modules-2\\files-2.1\\junit\\junit\\4.12\\2973d150c0dc1fefe998f834810d68f278ea58ec\\junit-4.12.jar;C:\\Users\\LEDOUJET\\.gradle\\caches\\modules-2\\files-2.1\\org.assertj\\assertj-core\\3.9.1\\c5ce126b15f28d56cd8f960c1a6a058b9c9aea87\\assertj-core-3.9.1.jar;C:\\Users\\LEDOUJET\\.gradle\\caches\\modules-2\\files-2.1\\org.mockito\\mockito-core\\2.15.0\\b84bfbbc29cd22c9529409627af6ea2897f4fa85\\mockito-core-2.15.0.jar;C:\\Users\\LEDOUJET\\.gradle\\caches\\modules-2\\files-2.1\\org.hamcrest\\hamcrest-library\\1.3\\4785a3c21320980282f9f33d0d1264a69040538f\\hamcrest-library-1.3.jar;C:\\Users\\LEDOUJET\\.gradle\\caches\\modules-2\\files-2.1\\org.hamcrest\\hamcrest-core\\1.3\\42a25dc3219429f0e5d060061f71acb49bf010a0\\hamcrest-core-1.3.jar;C:\\Users\\LEDOUJET\\.gradle\\caches\\modules-2\\files-2.1\\org.skyscreamer\\jsonassert\\1.5.0\\6c9d5fe2f59da598d9aefc1cfc6528ff3cf32df3\\jsonassert-1.5.0.jar;C:\\Users\\LEDOUJET\\.gradle\\caches\\modules-2\\files-2.1\\org.xmlunit\\xmlunit-core\\2.5.1\\4ffdb346572a7356f7521cd3119ce5287d2e339d\\xmlunit-core-2.5.1.jar;C:\\Users\\LEDOUJET\\.gradle\\caches\\modules-2\\files-2.1\\javax.servlet\\javax.servlet-api\\3.1.0\\3cd63d075497751784b2fa84be59432f4905bf7c\\javax.servlet-api-3.1.0.jar;C:\\Users\\LEDOUJET\\.gradle\\caches\\modules-2\\files-2.1\\org.springframework.boot\\spring-boot-starter-logging\\2.0.4.RELEASE\\dcd1a2c431c970f44adae64d9145133979a513ab\\spring-boot-starter-logging-2.0.4.RELEASE.jar;C:\\Users\\LEDOUJET\\.gradle\\caches\\modules-2\\files-2.1\\org.yaml\\snakeyaml\\1.19\\2d998d3d674b172a588e54ab619854d073f555b5\\snakeyaml-1.19.jar;C:\\Users\\LEDOUJET\\.gradle\\caches\\modules-2\\files-2.1\\org.aspectj\\aspectjweaver\\1.8.13\\ad94df2a28d658a40dc27bbaff6a1ce5fbf04e9b\\aspectjweaver-1.8.13.jar;C:\\Users\\LEDOUJET\\.gradle\\caches\\modules-2\\files-2.1\\com.zaxxer\\HikariCP\\2.7.9\\a83113d2c091d0d0f853dad3217bd7df3beb6ae3\\HikariCP-2.7.9.jar;C:\\Users\\LEDOUJET\\.gradle\\caches\\modules-2\\files-2.1\\org.hibernate.common\\hibernate-commons-annotations\\5.0.1.Final\\71e1cff3fcb20d3b3af4f3363c3ddb24d33c6879\\hibernate-commons-annotations-5.0.1.Final.jar;C:\\Users\\LEDOUJET\\.gradle\\caches\\modules-2\\files-2.1\\org.hibernate.validator\\hibernate-validator\\6.0.11.Final\\36f9d10a11e4768f55e8fb91ebe4338a5c43954e\\hibernate-validator-6.0.11.Final.jar;C:\\Users\\LEDOUJET\\.gradle\\caches\\modules-2\\files-2.1\\org.jboss.logging\\jboss-logging\\3.3.2.Final\\3789d00e859632e6c6206adc0c71625559e6e3b0\\jboss-logging-3.3.2.Final.jar;C:\\Users\\LEDOUJET\\.gradle\\caches\\modules-2\\files-2.1\\org.hibernate.javax.persistence\\hibernate-jpa-2.1-api\\1.0.2.Final\\52afb5762c704a6b586e27742470c08f91877fc1\\hibernate-jpa-2.1-api-1.0.2.Final.jar;C:\\Users\\LEDOUJET\\.gradle\\caches\\modules-2\\files-2.1\\org.javassist\\javassist\\3.22.0-GA\\3e83394258ae2089be7219b971ec21a8288528ad\\javassist-3.22.0-GA.jar;C:\\Users\\LEDOUJET\\.gradle\\caches\\modules-2\\files-2.1\\antlr\\antlr\\2.7.7\\83cd2cd674a217ade95a4bb83a8a14f351f48bd0\\antlr-2.7.7.jar;C:\\Users\\LEDOUJET\\.gradle\\caches\\modules-2\\files-2.1\\org.jboss\\jandex\\2.0.3.Final\\bfc4d6257dbff7a33a357f0de116be6ff951d849\\jandex-2.0.3.Final.jar;C:\\Users\\LEDOUJET\\.gradle\\caches\\modules-2\\files-2.1\\com.fasterxml\\classmate\\1.3.4\\3d5f48f10bbe4eb7bd862f10c0583be2e0053c6\\classmate-1.3.4.jar;C:\\Users\\LEDOUJET\\.gradle\\caches\\modules-2\\files-2.1\\dom4j\\dom4j\\1.6.1\\5d3ccc056b6f056dbf0dddfdf43894b9065a8f94\\dom4j-1.6.1.jar;C:\\Users\\LEDOUJET\\.gradle\\caches\\modules-2\\files-2.1\\ch.qos.logback\\logback-classic\\1.2.3\\7c4f3c474fb2c041d8028740440937705ebb473a\\logback-classic-1.2.3.jar;C:\\Users\\LEDOUJET\\.gradle\\caches\\modules-2\\files-2.1\\org.apache.logging.log4j\\log4j-to-slf4j\\2.10.0\\f7e631ccf49cfc0aefa4a2a728da7d374c05bd3c\\log4j-to-slf4j-2.10.0.jar;C:\\Users\\LEDOUJET\\.gradle\\caches\\modules-2\\files-2.1\\org.slf4j\\jul-to-slf4j\\1.7.25\\af5364cd6679bfffb114f0dec8a157aaa283b76\\jul-to-slf4j-1.7.25.jar;C:\\Users\\LEDOUJET\\.gradle\\caches\\modules-2\\files-2.1\\org.slf4j\\slf4j-api\\1.7.25\\da76ca59f6a57ee3102f8f9bd9cee742973efa8a\\slf4j-api-1.7.25.jar;C:\\Users\\LEDOUJET\\.gradle\\caches\\modules-2\\files-2.1\\com.fasterxml.jackson.datatype\\jackson-datatype-jdk8\\2.9.6\\456895fc91bf7180b216fead220373e6278230c9\\jackson-datatype-jdk8-2.9.6.jar;C:\\Users\\LEDOUJET\\.gradle\\caches\\modules-2\\files-2.1\\com.fasterxml.jackson.datatype\\jackson-datatype-jsr310\\2.9.6\\ea54f6193d224e5e5732bbd4262327eb465397c2\\jackson-datatype-jsr310-2.9.6.jar;C:\\Users\\LEDOUJET\\.gradle\\caches\\modules-2\\files-2.1\\com.fasterxml.jackson.module\\jackson-module-parameter-names\\2.9.6\\129acd77a4b6ee30d62d3a0899b1344c8ec2bff8\\jackson-module-parameter-names-2.9.6.jar;C:\\Users\\LEDOUJET\\.gradle\\caches\\modules-2\\files-2.1\\com.fasterxml.jackson.core\\jackson-databind\\2.9.6\\cfa4f316351a91bfd95cb0644c6a2c95f52db1fc\\jackson-databind-2.9.6.jar;C:\\Users\\LEDOUJET\\.gradle\\caches\\modules-2\\files-2.1\\com.fasterxml.jackson.core\\jackson-annotations\\2.9.0\\7c10d545325e3a6e72e06381afe469fd40eb701\\jackson-annotations-2.9.0.jar;C:\\Users\\LEDOUJET\\.gradle\\caches\\modules-2\\files-2.1\\net.minidev\\json-smart\\2.3\\7396407491352ce4fa30de92efb158adb76b5b\\json-smart-2.3.jar;C:\\Users\\LEDOUJET\\.gradle\\caches\\modules-2\\files-2.1\\net.bytebuddy\\byte-buddy\\1.7.11\\f02857a4e2c66ccbe7aaad6100a0a6c461bce9b3\\byte-buddy-1.7.11.jar;C:\\Users\\LEDOUJET\\.gradle\\caches\\modules-2\\files-2.1\\net.bytebuddy\\byte-buddy-agent\\1.7.11\\b425a8933ca07edd03c6dbc8bc3b595fba9780de\\byte-buddy-agent-1.7.11.jar;C:\\Users\\LEDOUJET\\.gradle\\caches\\modules-2\\files-2.1\\org.objenesis\\objenesis\\2.6\\639033469776fd37c08358c6b92a4761feb2af4b\\objenesis-2.6.jar;C:\\Users\\LEDOUJET\\.gradle\\caches\\modules-2\\files-2.1\\com.vaadin.external.google\\android-json\\0.0.20131108.vaadin1\\fa26d351fe62a6a17f5cda1287c1c6110dec413f\\android-json-0.0.20131108.vaadin1.jar;C:\\Users\\LEDOUJET\\.gradle\\caches\\modules-2\\files-2.1\\com.fasterxml.jackson.core\\jackson-core\\2.9.6\\4e393793c37c77e042ccc7be5a914ae39251b365\\jackson-core-2.9.6.jar;C:\\Users\\LEDOUJET\\.gradle\\caches\\modules-2\\files-2.1\\javax.validation\\validation-api\\2.0.1.Final\\cb855558e6271b1b32e716d24cb85c7f583ce09e\\validation-api-2.0.1.Final.jar;C:\\Users\\LEDOUJET\\.gradle\\caches\\modules-2\\files-2.1\\org.atteo\\evo-inflector\\1.2.2\\2551aad98d65ac5464d81fe05f0e1516cfe471c9\\evo-inflector-1.2.2.jar;C:\\Users\\LEDOUJET\\.gradle\\caches\\modules-2\\files-2.1\\net.minidev\\accessors-smart\\1.2\\c592b500269bfde36096641b01238a8350f8aa31\\accessors-smart-1.2.jar;C:\\Users\\LEDOUJET\\.gradle\\caches\\modules-2\\files-2.1\\ch.qos.logback\\logback-core\\1.2.3\\864344400c3d4d92dfeb0a305dc87d953677c03c\\logback-core-1.2.3.jar;C:\\Users\\LEDOUJET\\.gradle\\caches\\modules-2\\files-2.1\\org.apache.logging.log4j\\log4j-api\\2.10.0\\fec5797a55b786184a537abd39c3fa1449d752d6\\log4j-api-2.10.0.jar;C:\\Users\\LEDOUJET\\.gradle\\caches\\modules-2\\files-2.1\\org.ow2.asm\\asm\\5.0.4\\da08b8cce7bbf903602a25a3a163ae252435795\\asm-5.0.4.jar, java.vm.vendor="Oracle Corporation", sun.arch.data.model=64, user.variant=, java.vendor.url=http://java.oracle.com/, user.timezone=Europe/Paris, property=value, os.name=Windows 10, java.vm.specification.version=10, user.country=FR, sun.java.launcher=SUN_STANDARD, sun.boot.library.path=C:\Program Files\Java\jdk-10.0.2\bin, sun.java.command=worker.org.gradle.process.internal.worker.GradleWorkerMain 'Gradle Test Executor 1', jdk.debug=release, sun.cpu.endian=little, user.home=C:\Users\LEDOUJET, user.language=fr, java.specification.vendor=Oracle Corporation, org.gradle.native=false, java.version.date=2018-07-17, java.home=C:\Program Files\Java\jdk-10.0.2, file.separator=\, java.vm.compressedOopsMode=32-bit, line.separator=
, java.specification.name=Java Platform API Specification, java.vm.specification.vendor=Oracle Corporation, java.awt.graphicsenv=sun.awt.Win32GraphicsEnvironment, user.script=, sun.management.compiler=HotSpot 64-Bit Tiered Compilers, java.runtime.version=10.0.2+13, user.name=LEDOUJET, path.separator=;, os.version=10.0, java.runtime.name=Java(TM) SE Runtime Environment, file.encoding=windows-1252, java.vm.name=Java HotSpot(TM) 64-Bit Server VM, java.vendor.version=18.3, java.vendor.url.bug=http://bugreport.java.com/bugreport/, java.io.tmpdir=C:\Users\LEDOUJET\AppData\Local\Temp\, java.version=10.0.2, user.dir=C:\Users\LEDOUJET\Downloads\POEI\Projet\Code\JEE\BCF, os.arch=amd64, java.vm.specification.name=Java Virtual Machine Specification, java.awt.printerjob=sun.awt.windows.WPrinterJob, sun.os.patch.level=, java.library.path=C:\Program Files\Java\jdk-10.0.2\bin;C:\Windows\Sun\Java\bin;C:\Windows\system32;C:\Windows;C:\Users\LEDOUJET\bin;C:\Program Files\Git\mingw64\bin;C:\Program Files\Git\usr\local\bin;C:\Program Files\Git\usr\bin;C:\Program Files\Git\usr\bin;C:\Program Files\Git\mingw64\bin;C:\Program Files\Git\usr\bin;C:\Users\LEDOUJET\bin;C:\Program Files (x86)\Common Files\Oracle\Java\javapath;C:\Windows\system32;C:\Windows;C:\Windows\System32\Wbem;C:\Windows\System32\WindowsPowerShell\v1.0;C:\Windows\System32\OpenSSH;C:\Program Files\Microsoft VS Code\bin;C:\PostgreSQL\pg10\bin;C:\Program Files\Git\cmd;C:\Program Files\Git\mingw64\bin;C:\Program Files\Git\usr\bin;C:\Program Files\nodejs;C:\Program Files\Gource\cmd;C:\Program Files\PuTTY;C:\Ruby25-x64\bin;C:\Users\LEDOUJET\AppData\Local\Microsoft\WindowsApps;C:\Users\LEDOUJET\AppData\Roaming\npm;C:\Program Files\Git\usr\bin\vendor_perl;C:\Program Files\Git\usr\bin\core_perl;., java.vendor=Oracle Corporation, java.vm.info=mixed mode, java.vm.version=10.0.2+13, sun.io.unicode.encoding=UnicodeLittle, java.class.version=54.0}}, SystemEnvironmentPropertySource@552416677 {name='systemEnvironment', properties={PATH=C:\Users\LEDOUJET\bin;C:\Program Files\Git\mingw64\bin;C:\Program Files\Git\usr\local\bin;C:\Program Files\Git\usr\bin;C:\Program Files\Git\usr\bin;C:\Program Files\Git\mingw64\bin;C:\Program Files\Git\usr\bin;C:\Users\LEDOUJET\bin;C:\Program Files (x86)\Common Files\Oracle\Java\javapath;C:\Windows\system32;C:\Windows;C:\Windows\System32\Wbem;C:\Windows\System32\WindowsPowerShell\v1.0;C:\Windows\System32\OpenSSH;C:\Program Files\Microsoft VS Code\bin;C:\PostgreSQL\pg10\bin;C:\Program Files\Git\cmd;C:\Program Files\Git\mingw64\bin;C:\Program Files\Git\usr\bin;C:\Program Files\nodejs;C:\Program Files\Gource\cmd;C:\Program Files\PuTTY;C:\Ruby25-x64\bin;C:\Users\LEDOUJET\AppData\Local\Microsoft\WindowsApps;C:\Users\LEDOUJET\AppData\Roaming\npm;C:\Program Files\Git\usr\bin\vendor_perl;C:\Program Files\Git\usr\bin\core_perl, USERDOMAIN_ROAMINGPROFILE=DESKTOP-4920T6A, PKG_CONFIG_PATH=C:\Program Files\Git\mingw64\lib\pkgconfig;C:\Program Files\Git\mingw64\share\pkgconfig, MSYSTEM_PREFIX=C:/Program Files/Git/mingw64, PROCESSOR_LEVEL=6, SYSTEMDRIVE=C:, CONFIG_SITE=C:/Program Files/Git/mingw64/etc/config.site, SESSIONNAME=Console, ALLUSERSPROFILE=C:\ProgramData, PROCESSOR_ARCHITECTURE=AMD64, MSYSTEM_CHOST=x86_64-w64-mingw32, PSModulePath=C:\Program Files\WindowsPowerShell\Modules;C:\Windows\system32\WindowsPowerShell\v1.0\Modules, ORIGINAL_TEMP=C:/Users/LEDOUJET/AppData/Local/Temp, PROGRAMFILES=C:\Program Files, MOZ_PLUGIN_PATH=C:\Program Files (x86)\Foxit Software\Foxit Reader\plugins\, USERNAME=LEDOUJET, JDK_HOME=C:\Program Files\Java\jdk-10.0.2, PWD=C:/Users/LEDOUJET/Downloads/POEI/Projet/Code/JEE/BCF, ProgramFiles(x86)=C:\Program Files (x86), INFOPATH=C:\Program Files\Git\usr\local\info;C:\Program Files\Git\usr\share\info;C:\Program Files\Git\usr\info;C:\Program Files\Git\share\info, PATHEXT=.COM;.EXE;.BAT;.CMD;.VBS;.VBE;.JS;.JSE;.WSF;.WSH;.MSC;.RB;.RBW, SHELL=C:\Program Files\Git\usr\bin\bash.exe, DriverData=C:\Windows\System32\Drivers\DriverData, ORIGINAL_TMP=C:/Users/LEDOUJET/AppData/Local/Temp, OLDPWD=C:/Users/LEDOUJET/Downloads/POEI/Projet/Code/JEE/BCF, TMPDIR=C:\Users\LEDOUJET\AppData\Local\Temp, WINDIR=C:\Windows, ProgramData=C:\ProgramData, ProgramW6432=C:\Program Files, SSH_ASKPASS=C:/Program Files/Git/mingw64/libexec/git-core/git-gui--askpass, HOMEPATH=\Users\LEDOUJET, PROCESSOR_IDENTIFIER=Intel64 Family 6 Model 94 Stepping 3, GenuineIntel, PUBLIC=C:\Users\Public, MINGW_CHOST=x86_64-w64-mingw32, =::=::\, EXEPATH=C:\Program Files\Git, SHLVL=1, LOCALAPPDATA=C:\Users\LEDOUJET\AppData\Local, ORIGINAL_PATH=C:\Program Files\Git\mingw64\bin;C:\Program Files\Git\usr\bin;C:\Users\LEDOUJET\bin;C:\Program Files (x86)\Common Files\Oracle\Java\javapath;C:\Windows\system32;C:\Windows;C:\Windows\System32\Wbem;C:\Windows\System32\WindowsPowerShell\v1.0;C:\Windows\System32\OpenSSH;C:\Program Files\Microsoft VS Code\bin;C:\PostgreSQL\pg10\bin;C:\Program Files\Git\cmd;C:\Program Files\Git\mingw64\bin;C:\Program Files\Git\usr\bin;C:\Program Files\nodejs;C:\Program Files\Gource\cmd;C:\Program Files\PuTTY;C:\Ruby25-x64\bin;C:\Users\LEDOUJET\AppData\Local\Microsoft\WindowsApps;C:\Users\LEDOUJET\AppData\Roaming\npm, MANPATH=C:\Program Files\Git\mingw64\local\man;C:\Program Files\Git\mingw64\share\man;C:\Program Files\Git\usr\local\man;C:\Program Files\Git\usr\share\man;C:\Program Files\Git\usr\man;C:\Program Files\Git\share\man, MINGW_PACKAGE_PREFIX=mingw-w64-x86_64, USERDOMAIN=DESKTOP-4920T6A, LOGONSERVER=\\DESKTOP-4920T6A, JAVA_HOME=C:\Program Files\Java\jdk-10.0.2, PLINK_PROTOCOL=ssh, TERM=xterm, LANG=fr_FR.UTF-8, MINGW_PREFIX=C:/Program Files/Git/mingw64, DISPLAY=needs-to-be-defined, MSYSTEM=MINGW64, OneDrive=C:\Users\LEDOUJET\OneDrive - IMIE, APPDATA=C:\Users\LEDOUJET\AppData\Roaming, SYSTEMROOT=C:\Windows, VBOX_MSI_INSTALL_PATH=C:\Program Files\Oracle\VirtualBox\, OS=Windows_NT, COMPUTERNAME=DESKTOP-4920T6A, COMMONPROGRAMFILES=C:\Program Files\Common Files, COMSPEC=C:\Windows\system32\cmd.exe, PROCESSOR_REVISION=5e03, CommonProgramW6432=C:\Program Files\Common Files, ACLOCAL_PATH=C:\Program Files\Git\mingw64\share\aclocal;C:\Program Files\Git\usr\share\aclocal, RUBYOPT=-Eutf-8, MSYSTEM_CARCH=x86_64, TEMP=C:\Users\LEDOUJET\AppData\Local\Temp, HOSTNAME=DESKTOP-4920T6A, HOMEDRIVE=C:, USERPROFILE=C:\Users\LEDOUJET, TMP=C:\Users\LEDOUJET\AppData\Local\Temp, CommonProgramFiles(x86)=C:\Program Files (x86)\Common Files, NUMBER_OF_PROCESSORS=4, HOME=C:\Users\LEDOUJET}}]
09:15:01.786 [Test worker] DEBUG org.springframework.test.context.support.TestPropertySourceUtils - Adding inlined properties to environment: {spring.jmx.enabled=false, org.springframework.boot.test.context.SpringBootTestContextBootstrapper=true, server.port=-1}
09:15:01.786 [Test worker] DEBUG org.springframework.core.env.StandardEnvironment - Adding PropertySource 'Inlined Test Properties' with highest search precedence

  .   ____          _            __ _ _
 /\\ / ___'_ __ _ _(_)_ __  __ _ \ \ \ \
( ( )\___ | '_ | '_| | '_ \/ _` | \ \ \ \
 \\/  ___)| |_)| | | | | || (_| |  ) ) ) )
  '  |____| .__|_| |_|_| |_\__, | / / / /
 =========|_|==============|___/=/_/_/_/
 :: Spring Boot ::        (v2.0.4.RELEASE)

2018-09-19 09:15:04.984  INFO 51876 --- [    Test worker] bzh.bmv.bcf.BcfApplicationTests          : Starting BcfApplicationTests on DESKTOP-4920T6A with PID 51876 (started by LEDOUJET in C:\Users\LEDOUJET\Downloads\POEI\Projet\Code\JEE\BCF)
2018-09-19 09:15:04.984  INFO 51876 --- [    Test worker] bzh.bmv.bcf.BcfApplicationTests          : No active profile set, falling back to default profiles: default
2018-09-19 09:15:05.046  INFO 51876 --- [    Test worker] o.s.w.c.s.GenericWebApplicationContext   : Refreshing org.springframework.web.context.support.GenericWebApplicationContext@1c4e116d: startup date [Wed Sep 19 09:15:05 CEST 2018]; root of context hierarchy
2018-09-19 09:15:08.975  INFO 51876 --- [    Test worker] trationDelegate$BeanPostProcessorChecker : Bean 'org.springframework.transaction.annotation.ProxyTransactionManagementConfiguration' of type [org.springframework.transaction.annotation.ProxyTransactionManagementConfiguration$$EnhancerBySpringCGLIB$$c5043a95] is not eligible for getting processed by all BeanPostProcessors (for example: not eligible for auto-proxying)
2018-09-19 09:15:09.038  INFO 51876 --- [    Test worker] trationDelegate$BeanPostProcessorChecker : Bean 'org.springframework.security.config.annotation.configuration.ObjectPostProcessorConfiguration' of type [org.springframework.security.config.annotation.configuration.ObjectPostProcessorConfiguration$$EnhancerBySpringCGLIB$$5db202cf] is not eligible for getting processed by all BeanPostProcessors (for example: not eligible for auto-proxying)
2018-09-19 09:15:09.054  INFO 51876 --- [    Test worker] trationDelegate$BeanPostProcessorChecker : Bean 'objectPostProcessor' of type [org.springframework.security.config.annotation.configuration.AutowireBeanFactoryObjectPostProcessor] is not eligible for getting processed by all BeanPostProcessors (for example: not eligible for auto-proxying)
2018-09-19 09:15:09.069  INFO 51876 --- [    Test worker] trationDelegate$BeanPostProcessorChecker : Bean 'org.springframework.security.access.expression.method.DefaultMethodSecurityExpressionHandler@79dcbe3' of type [org.springframework.security.access.expression.method.DefaultMethodSecurityExpressionHandler] is not eligible for getting processed by all BeanPostProcessors (for example: not eligible for auto-proxying)
2018-09-19 09:15:09.100  INFO 51876 --- [    Test worker] trationDelegate$BeanPostProcessorChecker : Bean 'org.springframework.security.config.annotation.method.configuration.GlobalMethodSecurityConfiguration' of type [org.springframework.security.config.annotation.method.configuration.GlobalMethodSecurityConfiguration$$EnhancerBySpringCGLIB$$8286a581] is not eligible for getting processed by all BeanPostProcessors (for example: not eligible for auto-proxying)
2018-09-19 09:15:09.116  INFO 51876 --- [    Test worker] trationDelegate$BeanPostProcessorChecker : Bean 'methodSecurityMetadataSource' of type [org.springframework.security.access.method.DelegatingMethodSecurityMetadataSource] is not eligible for getting processed by all BeanPostProcessors (for example: not eligible for auto-proxying)
2018-09-19 09:15:09.132  INFO 51876 --- [    Test worker] trationDelegate$BeanPostProcessorChecker : Bean 'org.springframework.hateoas.config.HateoasConfiguration' of type [org.springframework.hateoas.config.HateoasConfiguration$$EnhancerBySpringCGLIB$$448487c7] is not eligible for getting processed by all BeanPostProcessors (for example: not eligible for auto-proxying)
2018-09-19 09:15:09.522  INFO 51876 --- [    Test worker] com.zaxxer.hikari.HikariDataSource       : HikariPool-1 - Starting...
2018-09-19 09:15:10.678  INFO 51876 --- [    Test worker] com.zaxxer.hikari.HikariDataSource       : HikariPool-1 - Start completed.
2018-09-19 09:15:10.772  INFO 51876 --- [    Test worker] j.LocalContainerEntityManagerFactoryBean : Building JPA container EntityManagerFactory for persistence unit 'default'
2018-09-19 09:15:10.866  INFO 51876 --- [    Test worker] o.hibernate.jpa.internal.util.LogHelper  : HHH000204: Processing PersistenceUnitInfo [
	name: default
	...]
2018-09-19 09:15:10.975  INFO 51876 --- [    Test worker] org.hibernate.Version                    : HHH000412: Hibernate Core {5.2.17.Final}
2018-09-19 09:15:10.975  INFO 51876 --- [    Test worker] org.hibernate.cfg.Environment            : HHH000206: hibernate.properties not found
2018-09-19 09:15:11.022  WARN 51876 --- [    Test worker] o.s.w.c.s.GenericWebApplicationContext   : Exception encountered during context initialization - cancelling refresh attempt: org.springframework.beans.factory.BeanCreationException: Error creating bean with name 'entityManagerFactory' defined in class path resource [org/springframework/boot/autoconfigure/orm/jpa/HibernateJpaConfiguration.class]: Invocation of init method failed; nested exception is java.lang.NoClassDefFoundError: javax/xml/bind/JAXBException
2018-09-19 09:15:11.022  INFO 51876 --- [    Test worker] com.zaxxer.hikari.HikariDataSource       : HikariPool-1 - Shutdown initiated...
2018-09-19 09:15:11.037  INFO 51876 --- [    Test worker] com.zaxxer.hikari.HikariDataSource       : HikariPool-1 - Shutdown completed.
2018-09-19 09:15:11.037  INFO 51876 --- [    Test worker] ConditionEvaluationReportLoggingListener : 

Error starting ApplicationContext. To display the conditions report re-run your application with 'debug' enabled.
2018-09-19 09:15:11.069 ERROR 51876 --- [    Test worker] o.s.boot.SpringApplication               : Application run failed

org.springframework.beans.factory.BeanCreationException: Error creating bean with name 'entityManagerFactory' defined in class path resource [org/springframework/boot/autoconfigure/orm/jpa/HibernateJpaConfiguration.class]: Invocation of init method failed; nested exception is java.lang.NoClassDefFoundError: javax/xml/bind/JAXBException
	at org.springframework.beans.factory.support.AbstractAutowireCapableBeanFactory.initializeBean(AbstractAutowireCapableBeanFactory.java:1699) ~[spring-beans-5.0.8.RELEASE.jar:5.0.8.RELEASE]
	at org.springframework.beans.factory.support.AbstractAutowireCapableBeanFactory.doCreateBean(AbstractAutowireCapableBeanFactory.java:573) ~[spring-beans-5.0.8.RELEASE.jar:5.0.8.RELEASE]
	at org.springframework.beans.factory.support.AbstractAutowireCapableBeanFactory.createBean(AbstractAutowireCapableBeanFactory.java:495) ~[spring-beans-5.0.8.RELEASE.jar:5.0.8.RELEASE]
	at org.springframework.beans.factory.support.AbstractBeanFactory.lambda$doGetBean$0(AbstractBeanFactory.java:317) ~[spring-beans-5.0.8.RELEASE.jar:5.0.8.RELEASE]
	at org.springframework.beans.factory.support.DefaultSingletonBeanRegistry.getSingleton(DefaultSingletonBeanRegistry.java:222) ~[spring-beans-5.0.8.RELEASE.jar:5.0.8.RELEASE]
	at org.springframework.beans.factory.support.AbstractBeanFactory.doGetBean(AbstractBeanFactory.java:315) ~[spring-beans-5.0.8.RELEASE.jar:5.0.8.RELEASE]
	at org.springframework.beans.factory.support.AbstractBeanFactory.getBean(AbstractBeanFactory.java:199) ~[spring-beans-5.0.8.RELEASE.jar:5.0.8.RELEASE]
	at org.springframework.context.support.AbstractApplicationContext.getBean(AbstractApplicationContext.java:1089) ~[spring-context-5.0.8.RELEASE.jar:5.0.8.RELEASE]
	at org.springframework.context.support.AbstractApplicationContext.finishBeanFactoryInitialization(AbstractApplicationContext.java:859) ~[spring-context-5.0.8.RELEASE.jar:5.0.8.RELEASE]
	at org.springframework.context.support.AbstractApplicationContext.refresh(AbstractApplicationContext.java:550) ~[spring-context-5.0.8.RELEASE.jar:5.0.8.RELEASE]
	at org.springframework.boot.SpringApplication.refresh(SpringApplication.java:762) ~[spring-boot-2.0.4.RELEASE.jar:2.0.4.RELEASE]
	at org.springframework.boot.SpringApplication.refreshContext(SpringApplication.java:398) ~[spring-boot-2.0.4.RELEASE.jar:2.0.4.RELEASE]
	at org.springframework.boot.SpringApplication.run(SpringApplication.java:330) ~[spring-boot-2.0.4.RELEASE.jar:2.0.4.RELEASE]
	at org.springframework.boot.test.context.SpringBootContextLoader.loadContext(SpringBootContextLoader.java:139) [spring-boot-test-2.0.4.RELEASE.jar:2.0.4.RELEASE]
[...]
	at org.springframework.test.context.junit4.SpringJUnit4ClassRunner.runChild(SpringJUnit4ClassRunner.java:246) [spring-test-5.0.8.RELEASE.jar:5.0.8.RELEASE]
	at org.springframework.test.context.junit4.SpringJUnit4ClassRunner.runChild(SpringJUnit4ClassRunner.java:97) [spring-test-5.0.8.RELEASE.jar:5.0.8.RELEASE]
	at org.junit.runners.ParentRunner$3.run(ParentRunner.java:290) [junit-4.12.jar:4.12]
	at org.junit.runners.ParentRunner$1.schedule(ParentRunner.java:71) [junit-4.12.jar:4.12]
	at org.junit.runners.ParentRunner.runChildren(ParentRunner.java:288) [junit-4.12.jar:4.12]
	at org.junit.runners.ParentRunner.access$000(ParentRunner.java:58) [junit-4.12.jar:4.12]
	at org.junit.runners.ParentRunner$2.evaluate(ParentRunner.java:268) [junit-4.12.jar:4.12]
	at org.springframework.test.context.junit4.statements.RunBeforeTestClassCallbacks.evaluate(RunBeforeTestClassCallbacks.java:61) [spring-test-5.0.8.RELEASE.jar:5.0.8.RELEASE]
	at org.springframework.test.context.junit4.statements.RunAfterTestClassCallbacks.evaluate(RunAfterTestClassCallbacks.java:70) [spring-test-5.0.8.RELEASE.jar:5.0.8.RELEASE]
	at org.junit.runners.ParentRunner.run(ParentRunner.java:363) [junit-4.12.jar:4.12]
	at org.springframework.test.context.junit4.SpringJUnit4ClassRunner.run(SpringJUnit4ClassRunner.java:190) [spring-test-5.0.8.RELEASE.jar:5.0.8.RELEASE]
	at org.gradle.api.internal.tasks.testing.junit.JUnitTestClassExecutor.runTestClass(JUnitTestClassExecutor.java:106) [gradle-testing-jvm-4.8.1.jar:4.8.1]
	at org.gradle.api.internal.tasks.testing.junit.JUnitTestClassExecutor.execute(JUnitTestClassExecutor.java:58) [gradle-testing-jvm-4.8.1.jar:4.8.1]
	at org.gradle.api.internal.tasks.testing.junit.JUnitTestClassExecutor.execute(JUnitTestClassExecutor.java:38) [gradle-testing-jvm-4.8.1.jar:4.8.1]
	at org.gradle.api.internal.tasks.testing.junit.AbstractJUnitTestClassProcessor.processTestClass(AbstractJUnitTestClassProcessor.java:66) [gradle-testing-jvm-4.8.1.jar:4.8.1]
	at org.gradle.api.internal.tasks.testing.SuiteTestClassProcessor.processTestClass(SuiteTestClassProcessor.java:51) [gradle-testing-base-4.8.1.jar:4.8.1]
	at java.base/jdk.internal.reflect.NativeMethodAccessorImpl.invoke0(Native Method) ~[na:na]
	at java.base/jdk.internal.reflect.NativeMethodAccessorImpl.invoke(NativeMethodAccessorImpl.java:62) ~[na:na]
	at java.base/jdk.internal.reflect.DelegatingMethodAccessorImpl.invoke(DelegatingMethodAccessorImpl.java:43) ~[na:na]
	at java.base/java.lang.reflect.Method.invoke(Method.java:564) ~[na:na]
	at org.gradle.internal.dispatch.ReflectionDispatch.dispatch(ReflectionDispatch.java:35) [gradle-messaging-4.8.1.jar:4.8.1]
	at org.gradle.internal.dispatch.ReflectionDispatch.dispatch(ReflectionDispatch.java:24) [gradle-messaging-4.8.1.jar:4.8.1]
	at org.gradle.internal.dispatch.ContextClassLoaderDispatch.dispatch(ContextClassLoaderDispatch.java:32) [gradle-messaging-4.8.1.jar:4.8.1]
	at org.gradle.internal.dispatch.ProxyDispatchAdapter$DispatchingInvocationHandler.invoke(ProxyDispatchAdapter.java:93) [gradle-messaging-4.8.1.jar:4.8.1]
	at com.sun.proxy.$Proxy1.processTestClass(Unknown Source) [na:na]
	at org.gradle.api.internal.tasks.testing.worker.TestWorker.processTestClass(TestWorker.java:109) [gradle-testing-base-4.8.1.jar:4.8.1]
	at java.base/jdk.internal.reflect.NativeMethodAccessorImpl.invoke0(Native Method) ~[na:na]
	at java.base/jdk.internal.reflect.NativeMethodAccessorImpl.invoke(NativeMethodAccessorImpl.java:62) ~[na:na]
	at java.base/jdk.internal.reflect.DelegatingMethodAccessorImpl.invoke(DelegatingMethodAccessorImpl.java:43) ~[na:na]
	at java.base/java.lang.reflect.Method.invoke(Method.java:564) ~[na:na]
	at org.gradle.internal.dispatch.ReflectionDispatch.dispatch(ReflectionDispatch.java:35) [gradle-messaging-4.8.1.jar:4.8.1]
	at org.gradle.internal.dispatch.ReflectionDispatch.dispatch(ReflectionDispatch.java:24) [gradle-messaging-4.8.1.jar:4.8.1]
	at org.gradle.internal.remote.internal.hub.MessageHubBackedObjectConnection$DispatchWrapper.dispatch(MessageHubBackedObjectConnection.java:155) [gradle-messaging-4.8.1.jar:4.8.1]
	at org.gradle.internal.remote.internal.hub.MessageHubBackedObjectConnection$DispatchWrapper.dispatch(MessageHubBackedObjectConnection.java:137) [gradle-messaging-4.8.1.jar:4.8.1]
	at org.gradle.internal.remote.internal.hub.MessageHub$Handler.run(MessageHub.java:404) [gradle-messaging-4.8.1.jar:4.8.1]
	at org.gradle.internal.concurrent.ExecutorPolicy$CatchAndRecordFailures.onExecute(ExecutorPolicy.java:63) [gradle-base-services-4.8.1.jar:4.8.1]
	at org.gradle.internal.concurrent.ManagedExecutorImpl$1.run(ManagedExecutorImpl.java:46) [gradle-base-services-4.8.1.jar:4.8.1]
	at java.base/java.util.concurrent.ThreadPoolExecutor.runWorker(ThreadPoolExecutor.java:1135) [na:na]
	at java.base/java.util.concurrent.ThreadPoolExecutor$Worker.run(ThreadPoolExecutor.java:635) [na:na]
	at org.gradle.internal.concurrent.ThreadFactoryImpl$ManagedThreadRunnable.run(ThreadFactoryImpl.java:55) [gradle-base-services-4.8.1.jar:4.8.1]
	at java.base/java.lang.Thread.run(Thread.java:844) [na:na]
Caused by: java.lang.NoClassDefFoundError: javax/xml/bind/JAXBException
	at org.hibernate.boot.spi.XmlMappingBinderAccess.<init>(XmlMappingBinderAccess.java:43) ~[hibernate-core-5.2.17.Final.jar:5.2.17.Final]
	at org.hibernate.boot.MetadataSources.<init>(MetadataSources.java:87) ~[hibernate-core-5.2.17.Final.jar:5.2.17.Final]
	at org.hibernate.jpa.boot.internal.EntityManagerFactoryBuilderImpl.<init>(EntityManagerFactoryBuilderImpl.java:209) ~[hibernate-core-5.2.17.Final.jar:5.2.17.Final]
	at org.hibernate.jpa.boot.internal.EntityManagerFactoryBuilderImpl.<init>(EntityManagerFactoryBuilderImpl.java:164) ~[hibernate-core-5.2.17.Final.jar:5.2.17.Final]
	at org.springframework.orm.jpa.vendor.SpringHibernateJpaPersistenceProvider.createContainerEntityManagerFactory(SpringHibernateJpaPersistenceProvider.java:51) ~[spring-orm-5.0.8.RELEASE.jar:5.0.8.RELEASE]
	at org.springframework.orm.jpa.LocalContainerEntityManagerFactoryBean.createNativeEntityManagerFactory(LocalContainerEntityManagerFactoryBean.java:365) ~[spring-orm-5.0.8.RELEASE.jar:5.0.8.RELEASE]
	at org.springframework.orm.jpa.AbstractEntityManagerFactoryBean.buildNativeEntityManagerFactory(AbstractEntityManagerFactoryBean.java:390) ~[spring-orm-5.0.8.RELEASE.jar:5.0.8.RELEASE]
	at org.springframework.orm.jpa.AbstractEntityManagerFactoryBean.afterPropertiesSet(AbstractEntityManagerFactoryBean.java:377) ~[spring-orm-5.0.8.RELEASE.jar:5.0.8.RELEASE]
	at org.springframework.orm.jpa.LocalContainerEntityManagerFactoryBean.afterPropertiesSet(LocalContainerEntityManagerFactoryBean.java:341) ~[spring-orm-5.0.8.RELEASE.jar:5.0.8.RELEASE]
	at org.springframework.beans.factory.support.AbstractAutowireCapableBeanFactory.invokeInitMethods(AbstractAutowireCapableBeanFactory.java:1758) ~[spring-beans-5.0.8.RELEASE.jar:5.0.8.RELEASE]
	at org.springframework.beans.factory.support.AbstractAutowireCapableBeanFactory.initializeBean(AbstractAutowireCapableBeanFactory.java:1695) ~[spring-beans-5.0.8.RELEASE.jar:5.0.8.RELEASE]
	... 64 common frames omitted
Caused by: java.lang.ClassNotFoundException: javax.xml.bind.JAXBException
	at java.base/jdk.internal.loader.BuiltinClassLoader.loadClass(BuiltinClassLoader.java:582) ~[na:na]
	at java.base/jdk.internal.loader.ClassLoaders$AppClassLoader.loadClass(ClassLoaders.java:190) ~[na:na]
	at java.base/java.lang.ClassLoader.loadClass(ClassLoader.java:499) ~[na:na]
	... 75 common frames omitted

2018-09-19 09:15:11.069 ERROR 51876 --- [    Test worker] o.s.test.context.TestContextManager      : Caught exception while allowing TestExecutionListener [org.springframework.test.context.web.ServletTestExecutionListener@6b03a35a] to prepare test instance [bzh.bmv.bcf.BcfApplicationTests@18eff1cc]

java.lang.IllegalStateException: Failed to load ApplicationContext
	at org.springframework.test.context.cache.DefaultCacheAwareContextLoaderDelegate.loadContext(DefaultCacheAwareContextLoaderDelegate.java:125) ~[spring-test-5.0.8.RELEASE.jar:5.0.8.RELEASE]
	at org.springframework.test.context.support.DefaultTestContext.getApplicationContext(DefaultTestContext.java:108) ~[spring-test-5.0.8.RELEASE.jar:5.0.8.RELEASE]
	at org.springframework.test.context.web.ServletTestExecutionListener.setUpRequestContextIfNecessary(ServletTestExecutionListener.java:190) ~[spring-test-5.0.8.RELEASE.jar:5.0.8.RELEASE]
	at org.springframework.test.context.web.ServletTestExecutionListener.prepareTestInstance(ServletTestExecutionListener.java:132) ~[spring-test-5.0.8.RELEASE.jar:5.0.8.RELEASE]
	at org.springframework.test.context.TestContextManager.prepareTestInstance(TestContextManager.java:246) ~[spring-test-5.0.8.RELEASE.jar:5.0.8.RELEASE]
	at org.springframework.test.context.junit4.SpringJUnit4ClassRunner.createTest(SpringJUnit4ClassRunner.java:227) [spring-test-5.0.8.RELEASE.jar:5.0.8.RELEASE]
	at org.springframework.test.context.junit4.SpringJUnit4ClassRunner$1.runReflectiveCall(SpringJUnit4ClassRunner.java:289) [spring-test-5.0.8.RELEASE.jar:5.0.8.RELEASE]
	at org.junit.internal.runners.model.ReflectiveCallable.run(ReflectiveCallable.java:12) [junit-4.12.jar:4.12]
	at org.springframework.test.context.junit4.SpringJUnit4ClassRunner.methodBlock(SpringJUnit4ClassRunner.java:291) [spring-test-5.0.8.RELEASE.jar:5.0.8.RELEASE]
	at org.springframework.test.context.junit4.SpringJUnit4ClassRunner.runChild(SpringJUnit4ClassRunner.java:246) [spring-test-5.0.8.RELEASE.jar:5.0.8.RELEASE]
	at org.springframework.test.context.junit4.SpringJUnit4ClassRunner.runChild(SpringJUnit4ClassRunner.java:97) [spring-test-5.0.8.RELEASE.jar:5.0.8.RELEASE]
	at org.junit.runners.ParentRunner$3.run(ParentRunner.java:290) [junit-4.12.jar:4.12]
	at org.junit.runners.ParentRunner$1.schedule(ParentRunner.java:71) [junit-4.12.jar:4.12]
	at org.junit.runners.ParentRunner.runChildren(ParentRunner.java:288) [junit-4.12.jar:4.12]
	at org.junit.runners.ParentRunner.access$000(ParentRunner.java:58) [junit-4.12.jar:4.12]
	at org.junit.runners.ParentRunner$2.evaluate(ParentRunner.java:268) [junit-4.12.jar:4.12]
	at org.springframework.test.context.junit4.statements.RunBeforeTestClassCallbacks.evaluate(RunBeforeTestClassCallbacks.java:61) [spring-test-5.0.8.RELEASE.jar:5.0.8.RELEASE]
	at org.springframework.test.context.junit4.statements.RunAfterTestClassCallbacks.evaluate(RunAfterTestClassCallbacks.java:70) [spring-test-5.0.8.RELEASE.jar:5.0.8.RELEASE]
	at org.junit.runners.ParentRunner.run(ParentRunner.java:363) [junit-4.12.jar:4.12]
	at org.springframework.test.context.junit4.SpringJUnit4ClassRunner.run(SpringJUnit4ClassRunner.java:190) [spring-test-5.0.8.RELEASE.jar:5.0.8.RELEASE]
	at org.gradle.api.internal.tasks.testing.junit.JUnitTestClassExecutor.runTestClass(JUnitTestClassExecutor.java:106) [gradle-testing-jvm-4.8.1.jar:4.8.1]
	at org.gradle.api.internal.tasks.testing.junit.JUnitTestClassExecutor.execute(JUnitTestClassExecutor.java:58) [gradle-testing-jvm-4.8.1.jar:4.8.1]
	at org.gradle.api.internal.tasks.testing.junit.JUnitTestClassExecutor.execute(JUnitTestClassExecutor.java:38) [gradle-testing-jvm-4.8.1.jar:4.8.1]
	at org.gradle.api.internal.tasks.testing.junit.AbstractJUnitTestClassProcessor.processTestClass(AbstractJUnitTestClassProcessor.java:66) [gradle-testing-jvm-4.8.1.jar:4.8.1]
	at org.gradle.api.internal.tasks.testing.SuiteTestClassProcessor.processTestClass(SuiteTestClassProcessor.java:51) [gradle-testing-base-4.8.1.jar:4.8.1]
	at java.base/jdk.internal.reflect.NativeMethodAccessorImpl.invoke0(Native Method) ~[na:na]
	at java.base/jdk.internal.reflect.NativeMethodAccessorImpl.invoke(NativeMethodAccessorImpl.java:62) ~[na:na]
	at java.base/jdk.internal.reflect.DelegatingMethodAccessorImpl.invoke(DelegatingMethodAccessorImpl.java:43) ~[na:na]
	at java.base/java.lang.reflect.Method.invoke(Method.java:564) ~[na:na]
	at org.gradle.internal.dispatch.ReflectionDispatch.dispatch(ReflectionDispatch.java:35) [gradle-messaging-4.8.1.jar:4.8.1]
	at org.gradle.internal.dispatch.ReflectionDispatch.dispatch(ReflectionDispatch.java:24) [gradle-messaging-4.8.1.jar:4.8.1]
	at org.gradle.internal.dispatch.ContextClassLoaderDispatch.dispatch(ContextClassLoaderDispatch.java:32) [gradle-messaging-4.8.1.jar:4.8.1]
	at org.gradle.internal.dispatch.ProxyDispatchAdapter$DispatchingInvocationHandler.invoke(ProxyDispatchAdapter.java:93) [gradle-messaging-4.8.1.jar:4.8.1]
	at com.sun.proxy.$Proxy1.processTestClass(Unknown Source) [na:na]
	at org.gradle.api.internal.tasks.testing.worker.TestWorker.processTestClass(TestWorker.java:109) [gradle-testing-base-4.8.1.jar:4.8.1]
	at java.base/jdk.internal.reflect.NativeMethodAccessorImpl.invoke0(Native Method) ~[na:na]
	at java.base/jdk.internal.reflect.NativeMethodAccessorImpl.invoke(NativeMethodAccessorImpl.java:62) ~[na:na]
	at java.base/jdk.internal.reflect.DelegatingMethodAccessorImpl.invoke(DelegatingMethodAccessorImpl.java:43) ~[na:na]
	at java.base/java.lang.reflect.Method.invoke(Method.java:564) ~[na:na]
	at org.gradle.internal.dispatch.ReflectionDispatch.dispatch(ReflectionDispatch.java:35) [gradle-messaging-4.8.1.jar:4.8.1]
	at org.gradle.internal.dispatch.ReflectionDispatch.dispatch(ReflectionDispatch.java:24) [gradle-messaging-4.8.1.jar:4.8.1]
	at org.gradle.internal.remote.internal.hub.MessageHubBackedObjectConnection$DispatchWrapper.dispatch(MessageHubBackedObjectConnection.java:155) [gradle-messaging-4.8.1.jar:4.8.1]
	at org.gradle.internal.remote.internal.hub.MessageHubBackedObjectConnection$DispatchWrapper.dispatch(MessageHubBackedObjectConnection.java:137) [gradle-messaging-4.8.1.jar:4.8.1]
	at org.gradle.internal.remote.internal.hub.MessageHub$Handler.run(MessageHub.java:404) [gradle-messaging-4.8.1.jar:4.8.1]
	at org.gradle.internal.concurrent.ExecutorPolicy$CatchAndRecordFailures.onExecute(ExecutorPolicy.java:63) [gradle-base-services-4.8.1.jar:4.8.1]
	at org.gradle.internal.concurrent.ManagedExecutorImpl$1.run(ManagedExecutorImpl.java:46) [gradle-base-services-4.8.1.jar:4.8.1]
	at java.base/java.util.concurrent.ThreadPoolExecutor.runWorker(ThreadPoolExecutor.java:1135) [na:na]
	at java.base/java.util.concurrent.ThreadPoolExecutor$Worker.run(ThreadPoolExecutor.java:635) [na:na]
	at org.gradle.internal.concurrent.ThreadFactoryImpl$ManagedThreadRunnable.run(ThreadFactoryImpl.java:55) [gradle-base-services-4.8.1.jar:4.8.1]
	at java.base/java.lang.Thread.run(Thread.java:844) [na:na]
Caused by: org.springframework.beans.factory.BeanCreationException: Error creating bean with name 'entityManagerFactory' defined in class path resource [org/springframework/boot/autoconfigure/orm/jpa/HibernateJpaConfiguration.class]: Invocation of init method failed; nested exception is java.lang.NoClassDefFoundError: javax/xml/bind/JAXBException
	at org.springframework.beans.factory.support.AbstractAutowireCapableBeanFactory.initializeBean(AbstractAutowireCapableBeanFactory.java:1699) ~[spring-beans-5.0.8.RELEASE.jar:5.0.8.RELEASE]
	at org.springframework.beans.factory.support.AbstractAutowireCapableBeanFactory.doCreateBean(AbstractAutowireCapableBeanFactory.java:573) ~[spring-beans-5.0.8.RELEASE.jar:5.0.8.RELEASE]
	at org.springframework.beans.factory.support.AbstractAutowireCapableBeanFactory.createBean(AbstractAutowireCapableBeanFactory.java:495) ~[spring-beans-5.0.8.RELEASE.jar:5.0.8.RELEASE]
	at org.springframework.beans.factory.support.AbstractBeanFactory.lambda$doGetBean$0(AbstractBeanFactory.java:317) ~[spring-beans-5.0.8.RELEASE.jar:5.0.8.RELEASE]
	at org.springframework.beans.factory.support.DefaultSingletonBeanRegistry.getSingleton(DefaultSingletonBeanRegistry.java:222) ~[spring-beans-5.0.8.RELEASE.jar:5.0.8.RELEASE]
	at org.springframework.beans.factory.support.AbstractBeanFactory.doGetBean(AbstractBeanFactory.java:315) ~[spring-beans-5.0.8.RELEASE.jar:5.0.8.RELEASE]
	at org.springframework.beans.factory.support.AbstractBeanFactory.getBean(AbstractBeanFactory.java:199) ~[spring-beans-5.0.8.RELEASE.jar:5.0.8.RELEASE]
	at org.springframework.context.support.AbstractApplicationContext.getBean(AbstractApplicationContext.java:1089) ~[spring-context-5.0.8.RELEASE.jar:5.0.8.RELEASE]
	at org.springframework.context.support.AbstractApplicationContext.finishBeanFactoryInitialization(AbstractApplicationContext.java:859) ~[spring-context-5.0.8.RELEASE.jar:5.0.8.RELEASE]
	at org.springframework.context.support.AbstractApplicationContext.refresh(AbstractApplicationContext.java:550) ~[spring-context-5.0.8.RELEASE.jar:5.0.8.RELEASE]
	at org.springframework.boot.SpringApplication.refresh(SpringApplication.java:762) ~[spring-boot-2.0.4.RELEASE.jar:2.0.4.RELEASE]
	at org.springframework.boot.SpringApplication.refreshContext(SpringApplication.java:398) ~[spring-boot-2.0.4.RELEASE.jar:2.0.4.RELEASE]
	at org.springframework.boot.SpringApplication.run(SpringApplication.java:330) ~[spring-boot-2.0.4.RELEASE.jar:2.0.4.RELEASE]
	at org.springframework.boot.test.context.SpringBootContextLoader.loadContext(SpringBootContextLoader.java:139) ~[spring-boot-test-2.0.4.RELEASE.jar:2.0.4.RELEASE]
	at org.springframework.test.context.cache.DefaultCacheAwareContextLoaderDelegate.loadContextInternal(DefaultCacheAwareContextLoaderDelegate.java:99) ~[spring-test-5.0.8.RELEASE.jar:5.0.8.RELEASE]
	at org.springframework.test.context.cache.DefaultCacheAwareContextLoaderDelegate.loadContext(DefaultCacheAwareContextLoaderDelegate.java:117) ~[spring-test-5.0.8.RELEASE.jar:5.0.8.RELEASE]
	... 49 common frames omitted
Caused by: java.lang.NoClassDefFoundError: javax/xml/bind/JAXBException
	at org.hibernate.boot.spi.XmlMappingBinderAccess.<init>(XmlMappingBinderAccess.java:43) ~[hibernate-core-5.2.17.Final.jar:5.2.17.Final]
	at org.hibernate.boot.MetadataSources.<init>(MetadataSources.java:87) ~[hibernate-core-5.2.17.Final.jar:5.2.17.Final]
	at org.hibernate.jpa.boot.internal.EntityManagerFactoryBuilderImpl.<init>(EntityManagerFactoryBuilderImpl.java:209) ~[hibernate-core-5.2.17.Final.jar:5.2.17.Final]
	at org.hibernate.jpa.boot.internal.EntityManagerFactoryBuilderImpl.<init>(EntityManagerFactoryBuilderImpl.java:164) ~[hibernate-core-5.2.17.Final.jar:5.2.17.Final]
	at org.springframework.orm.jpa.vendor.SpringHibernateJpaPersistenceProvider.createContainerEntityManagerFactory(SpringHibernateJpaPersistenceProvider.java:51) ~[spring-orm-5.0.8.RELEASE.jar:5.0.8.RELEASE]
	at org.springframework.orm.jpa.LocalContainerEntityManagerFactoryBean.createNativeEntityManagerFactory(LocalContainerEntityManagerFactoryBean.java:365) ~[spring-orm-5.0.8.RELEASE.jar:5.0.8.RELEASE]
	at org.springframework.orm.jpa.AbstractEntityManagerFactoryBean.buildNativeEntityManagerFactory(AbstractEntityManagerFactoryBean.java:390) ~[spring-orm-5.0.8.RELEASE.jar:5.0.8.RELEASE]
	at org.springframework.orm.jpa.AbstractEntityManagerFactoryBean.afterPropertiesSet(AbstractEntityManagerFactoryBean.java:377) ~[spring-orm-5.0.8.RELEASE.jar:5.0.8.RELEASE]
	at org.springframework.orm.jpa.LocalContainerEntityManagerFactoryBean.afterPropertiesSet(LocalContainerEntityManagerFactoryBean.java:341) ~[spring-orm-5.0.8.RELEASE.jar:5.0.8.RELEASE]
	at org.springframework.beans.factory.support.AbstractAutowireCapableBeanFactory.invokeInitMethods(AbstractAutowireCapableBeanFactory.java:1758) ~[spring-beans-5.0.8.RELEASE.jar:5.0.8.RELEASE]
	at org.springframework.beans.factory.support.AbstractAutowireCapableBeanFactory.initializeBean(AbstractAutowireCapableBeanFactory.java:1695) ~[spring-beans-5.0.8.RELEASE.jar:5.0.8.RELEASE]
	... 64 common frames omitted
Caused by: java.lang.ClassNotFoundException: javax.xml.bind.JAXBException
	at java.base/jdk.internal.loader.BuiltinClassLoader.loadClass(BuiltinClassLoader.java:582) ~[na:na]
	at java.base/jdk.internal.loader.ClassLoaders$AppClassLoader.loadClass(ClassLoaders.java:190) ~[na:na]
	at java.base/java.lang.ClassLoader.loadClass(ClassLoader.java:499) ~[na:na]
	... 75 common frames omitted

]]></system-out>
  <system-err><![CDATA[]]></system-err>
</testsuite>
